[    1986ms] [ERROR] Manifest: Line: 1, column: 1, Syntax error. @ http://localhost:3000/manifest.webmanifest:0
[    2383ms] [ERROR] Manifest: Line: 1, column: 1, Syntax error. @ http://localhost:3000/manifest.webmanifest:0
[   39716ms] [ERROR] Failed to load resource: the server responded with a status of 403 () @ chrome-error://chromewebdata/:0
[   39743ms] [ERROR] The Cross-Origin-Opener-Policy header has been ignored, because the URL's origin was untrustworthy. It was defined either in the final response or a redirect. Please deliver the response using the HTTPS protocol. You can also use the 'localhost' origin instead. See https://www.w3.org/TR/powerful-features/#potentially-trustworthy-origin and https://html.spec.whatwg.org/#the-cross-origin-opener-policy-header. @ chrome-error://chromewebdata/:0
[   39743ms] [ERROR] Refused to display 'http://www.loc.gov/' in a frame because it set 'X-Frame-Options' to 'sameorigin'. @ chrome-error://chromewebdata/:0
[  123638ms] [ERROR] Manifest: Line: 1, column: 1, Syntax error. @ http://localhost:3000/manifest.webmanifest:0
[  124097ms] [ERROR] Manifest: Line: 1, column: 1, Syntax error. @ http://localhost:3000/manifest.webmanifest:0
[  136725ms] [ERROR] Manifest: Line: 1, column: 1, Syntax error. @ http://localhost:3000/manifest.webmanifest:0
[  139769ms] [ERROR] Manifest: Line: 1, column: 1, Syntax error. @ http://localhost:3000/manifest.webmanifest:0
[  156086ms] Uncaught (in promise) Error: Max challenge attempts exceeded
    at <anonymous> (https://216ef6e2fbf6.796075b7.us-east-1.token.awswaf.com/216ef6e2fbf6/87426c3c533c/8d2dcb2a0249/challenge.js:0:1350810)
    at _0x59bcaf (https://216ef6e2fbf6.796075b7.us-east-1.token.awswaf.com/216ef6e2fbf6/87426c3c533c/8d2dcb2a0249/challenge.js:0:1269527)
    at peNBR (https://216ef6e2fbf6.796075b7.us-east-1.token.awswaf.com/216ef6e2fbf6/87426c3c533c/8d2dcb2a0249/challenge.js:0:1262112)
    at _0x352615._0x12fa30 (https://216ef6e2fbf6.796075b7.us-east-1.token.awswaf.com/216ef6e2fbf6/87426c3c533c/8d2dcb2a0249/challenge.js:0:1264846)
    at _0x5e40b7 (https://216ef6e2fbf6.796075b7.us-east-1.token.awswaf.com/216ef6e2fbf6/87426c3c533c/8d2dcb2a0249/challenge.js:0:1259363)
[  236536ms] [ERROR] ./apps/web/components/research/item-detail/item-content.tsx:238:21
Expected '</', got '='
  236 |               )}
  237 |               <
> 238 |                 href={item.url}
      |                     ^
  239 |                 target="_blank"
  240 |                 rel="noopener noreferrer"
  241 |                 className="inline-flex items-ce...

Parsing ecmascript source code failed

Import traces:
  Client Component Browser:
    ./apps/web/components/research/item-detail/item-content.tsx [Client Component Browser]
    ./apps/web/components/research/item-detail/item-detail-shell.tsx [Client Component Browser]
    ./apps/web/components/research/item-detail/item-detail-shell.tsx [Server Component]
    ./apps/web/app/(auth)/research/item/[id]/page.tsx [Server Component]

  Client Component SSR:
    ./apps/web/components/research/item-detail/item-content.tsx [Client Component SSR]
    ./apps/web/components/research/item-detail/item-detail-shell.tsx [Client Component SSR]
    ./apps/web/components/research/item-detail/item-detail-shell.tsx [Server Component]
    ./apps/web/app/(auth)/research/item/[id]/page.tsx [Server Component] @ http://localhost:3000/_next/static/chunks/0kit_next_dist_01q9jry._.js:1914
[  236860ms] [ERROR] ./apps/web/components/research/item-detail/item-content.tsx:238:21
Expected '</', got '='
  236 |               )}
  237 |               <
> 238 |                 href={item.url}
      |                     ^
  239 |                 target="_blank"
  240 |                 rel="noopener noreferrer"
  241 |                 className="inline-flex items-ce...

Parsing ecmascript source code failed

Import traces:
  Client Component Browser:
    ./apps/web/components/research/item-detail/item-content.tsx [Client Component Browser]
    ./apps/web/components/research/item-detail/item-detail-shell.tsx [Client Component Browser]
    ./apps/web/components/research/item-detail/item-detail-shell.tsx [Server Component]
    ./apps/web/app/(auth)/research/item/[id]/page.tsx [Server Component]

  Client Component SSR:
    ./apps/web/components/research/item-detail/item-content.tsx [Client Component SSR]
    ./apps/web/components/research/item-detail/item-detail-shell.tsx [Client Component SSR]
    ./apps/web/components/research/item-detail/item-detail-shell.tsx [Server Component]
    ./apps/web/app/(auth)/research/item/[id]/page.tsx [Server Component] @ http://localhost:3000/_next/static/chunks/0kit_next_dist_01q9jry._.js:1914
[  242793ms] [ERROR] ./apps/web/components/research/item-detail/item-content.tsx:238:21
Expected '</', got '='
  236 |               )}
  237 |               <
> 238 |                 href={item.url}
      |                     ^
  239 |                 target="_blank"
  240 |                 rel="noopener noreferrer"
  241 |                 className="inline-flex items-ce...

Parsing ecmascript source code failed

Import traces:
  Client Component Browser:
    ./apps/web/components/research/item-detail/item-content.tsx [Client Component Browser]
    ./apps/web/components/research/item-detail/item-detail-shell.tsx [Client Component Browser]
    ./apps/web/components/research/item-detail/item-detail-shell.tsx [Server Component]
    ./apps/web/app/(auth)/research/item/[id]/page.tsx [Server Component]

  Client Component SSR:
    ./apps/web/components/research/item-detail/item-content.tsx [Client Component SSR]
    ./apps/web/components/research/item-detail/item-detail-shell.tsx [Client Component SSR]
    ./apps/web/components/research/item-detail/item-detail-shell.tsx [Server Component]
    ./apps/web/app/(auth)/research/item/[id]/page.tsx [Server Component] @ http://localhost:3000/_next/static/chunks/0kit_next_dist_01q9jry._.js:1914
[  243109ms] [ERROR] ./apps/web/components/research/item-detail/item-content.tsx:238:21
Expected '</', got '='
  236 |               )}
  237 |               <
> 238 |                 href={item.url}
      |                     ^
  239 |                 target="_blank"
  240 |                 rel="noopener noreferrer"
  241 |                 className="inline-flex items-ce...

Parsing ecmascript source code failed

Import traces:
  Client Component Browser:
    ./apps/web/components/research/item-detail/item-content.tsx [Client Component Browser]
    ./apps/web/components/research/item-detail/item-detail-shell.tsx [Client Component Browser]
    ./apps/web/components/research/item-detail/item-detail-shell.tsx [Server Component]
    ./apps/web/app/(auth)/research/item/[id]/page.tsx [Server Component]

  Client Component SSR:
    ./apps/web/components/research/item-detail/item-content.tsx [Client Component SSR]
    ./apps/web/components/research/item-detail/item-detail-shell.tsx [Client Component SSR]
    ./apps/web/components/research/item-detail/item-detail-shell.tsx [Server Component]
    ./apps/web/app/(auth)/research/item/[id]/page.tsx [Server Component] @ http://localhost:3000/_next/static/chunks/0kit_next_dist_01q9jry._.js:1914
[  251270ms] [ERROR] ./apps/web/components/research/item-detail/item-content.tsx:238:21
Expected '</', got '='
  236 |               )}
  237 |               <
> 238 |                 href={item.url}
      |                     ^
  239 |                 target="_blank"
  240 |                 rel="noopener noreferrer"
  241 |                 className="inline-flex items-ce...

Parsing ecmascript source code failed

Import traces:
  Client Component Browser:
    ./apps/web/components/research/item-detail/item-content.tsx [Client Component Browser]
    ./apps/web/components/research/item-detail/item-detail-shell.tsx [Client Component Browser]
    ./apps/web/components/research/item-detail/item-detail-shell.tsx [Server Component]
    ./apps/web/app/(auth)/research/item/[id]/page.tsx [Server Component]

  Client Component SSR:
    ./apps/web/components/research/item-detail/item-content.tsx [Client Component SSR]
    ./apps/web/components/research/item-detail/item-detail-shell.tsx [Client Component SSR]
    ./apps/web/components/research/item-detail/item-detail-shell.tsx [Server Component]
    ./apps/web/app/(auth)/research/item/[id]/page.tsx [Server Component] @ http://localhost:3000/_next/static/chunks/0kit_next_dist_01q9jry._.js:1914
[  251516ms] [ERROR] ./apps/web/components/research/item-detail/item-content.tsx:238:21
Expected '</', got '='
  236 |               )}
  237 |               <
> 238 |                 href={item.url}
      |                     ^
  239 |                 target="_blank"
  240 |                 rel="noopener noreferrer"
  241 |                 className="inline-flex items-ce...

Parsing ecmascript source code failed

Import traces:
  Client Component Browser:
    ./apps/web/components/research/item-detail/item-content.tsx [Client Component Browser]
    ./apps/web/components/research/item-detail/item-detail-shell.tsx [Client Component Browser]
    ./apps/web/components/research/item-detail/item-detail-shell.tsx [Server Component]
    ./apps/web/app/(auth)/research/item/[id]/page.tsx [Server Component]

  Client Component SSR:
    ./apps/web/components/research/item-detail/item-content.tsx [Client Component SSR]
    ./apps/web/components/research/item-detail/item-detail-shell.tsx [Client Component SSR]
    ./apps/web/components/research/item-detail/item-detail-shell.tsx [Server Component]
    ./apps/web/app/(auth)/research/item/[id]/page.tsx [Server Component] @ http://localhost:3000/_next/static/chunks/0kit_next_dist_01q9jry._.js:1914
[  272960ms] [ERROR] ./apps/web/components/research/item-detail/item-content.tsx:238:21
Expected '</', got '='
  236 |               )}
  237 |               <
> 238 |                 href={item.url}
      |                     ^
  239 |                 target="_blank"
  240 |                 rel="noopener noreferrer"
  241 |                 className="inline-flex items-ce...

Parsing ecmascript source code failed

Import traces:
  Client Component Browser:
    ./apps/web/components/research/item-detail/item-content.tsx [Client Component Browser]
    ./apps/web/components/research/item-detail/item-detail-shell.tsx [Client Component Browser]
    ./apps/web/components/research/item-detail/item-detail-shell.tsx [Server Component]
    ./apps/web/app/(auth)/research/item/[id]/page.tsx [Server Component]

  Client Component SSR:
    ./apps/web/components/research/item-detail/item-content.tsx [Client Component SSR]
    ./apps/web/components/research/item-detail/item-detail-shell.tsx [Client Component SSR]
    ./apps/web/components/research/item-detail/item-detail-shell.tsx [Server Component]
    ./apps/web/app/(auth)/research/item/[id]/page.tsx [Server Component] @ http://localhost:3000/_next/static/chunks/0kit_next_dist_01q9jry._.js:1914
[  286048ms] [ERROR] ./apps/web/components/research/item-detail/item-content.tsx:238:21
Expected '</', got '='
  236 |               )}
  237 |               <
> 238 |                 href={item.url}
      |                     ^
  239 |                 target="_blank"
  240 |                 rel="noopener noreferrer"
  241 |                 className="inline-flex items-ce...

Parsing ecmascript source code failed

Import traces:
  Client Component Browser:
    ./apps/web/components/research/item-detail/item-content.tsx [Client Component Browser]
    ./apps/web/components/research/item-detail/item-detail-shell.tsx [Client Component Browser]
    ./apps/web/components/research/item-detail/item-detail-shell.tsx [Server Component]
    ./apps/web/app/(auth)/research/item/[id]/page.tsx [Server Component]

  Client Component SSR:
    ./apps/web/components/research/item-detail/item-content.tsx [Client Component SSR]
    ./apps/web/components/research/item-detail/item-detail-shell.tsx [Client Component SSR]
    ./apps/web/components/research/item-detail/item-detail-shell.tsx [Server Component]
    ./apps/web/app/(auth)/research/item/[id]/page.tsx [Server Component] @ http://localhost:3000/_next/static/chunks/0kit_next_dist_01q9jry._.js:1914
[  293438ms] [ERROR] Manifest: Line: 1, column: 1, Syntax error. @ http://localhost:3000/manifest.webmanifest:0
[  343740ms] [ERROR] Manifest: Line: 1, column: 1, Syntax error. @ http://localhost:3000/manifest.webmanifest:0
[  344176ms] [ERROR] Manifest: Line: 1, column: 1, Syntax error. @ http://localhost:3000/manifest.webmanifest:0
[  479731ms] Uncaught (in promise) Error: Max challenge attempts exceeded
    at <anonymous> (https://216ef6e2fbf6.796075b7.us-east-1.token.awswaf.com/216ef6e2fbf6/87426c3c533c/8d2dcb2a0249/challenge.js:0:1350810)
    at _0x59bcaf (https://216ef6e2fbf6.796075b7.us-east-1.token.awswaf.com/216ef6e2fbf6/87426c3c533c/8d2dcb2a0249/challenge.js:0:1269527)
    at peNBR (https://216ef6e2fbf6.796075b7.us-east-1.token.awswaf.com/216ef6e2fbf6/87426c3c533c/8d2dcb2a0249/challenge.js:0:1262112)
    at _0x352615._0x12fa30 (https://216ef6e2fbf6.796075b7.us-east-1.token.awswaf.com/216ef6e2fbf6/87426c3c533c/8d2dcb2a0249/challenge.js:0:1264846)
    at _0x5e40b7 (https://216ef6e2fbf6.796075b7.us-east-1.token.awswaf.com/216ef6e2fbf6/87426c3c533c/8d2dcb2a0249/challenge.js:0:1259363)
[  812823ms] [WARNING] [Fast Refresh] performing full reload

Fast Refresh will perform a full reload when you edit a file that's imported by modules outside of the React rendering tree.
You might have a file which exports a React component but also exports a value that is imported by a non-React component file.
Consider migrating the non-React component export to a separate file and importing it into both files.

It is also possible the parent component of the component you edited is a class component, which disables Fast Refresh.
Fast Refresh requires at least one parent function component in your React tree. @ http://localhost:3000/_next/static/chunks/0kit_next_dist_01q9jry._.js:1073
[  839489ms] [ERROR] Manifest: Line: 1, column: 1, Syntax error. @ http://localhost:3000/manifest.webmanifest:0
[  933105ms] [ERROR] Manifest: Line: 1, column: 1, Syntax error. @ http://localhost:3000/manifest.webmanifest:0
