[    4470ms] [ERROR] Manifest: Line: 1, column: 1, Syntax error. @ http://localhost:3000/manifest.webmanifest:0
[    5788ms] [ERROR] Manifest: Line: 1, column: 1, Syntax error. @ http://localhost:3000/manifest.webmanifest:0
[   34982ms] [ERROR] %o

%s ReferenceError: bookmarkletHref is not defined
    at ItemContent (http://localhost:3000/_next/static/chunks/apps_web_0nd0h5j._.js?id=%255Bproject%255D%252Fapps%252Fweb%252Fcomponents%252Fresearch%252Fitem-detail%252Fitem-content.tsx+%255Bapp-client%255D+%2528ecmascript%2529:548:47)
    at Object.react_stack_bottom_frame (http://localhost:3000/_next/static/chunks/0kit_next_dist_compiled_react-dom_0ctbhl9._.js:15037:24)
    at renderWithHooks (http://localhost:3000/_next/static/chunks/0kit_next_dist_compiled_react-dom_0ctbhl9._.js:4620:24)
    at updateFunctionComponent (http://localhost:3000/_next/static/chunks/0kit_next_dist_compiled_react-dom_0ctbhl9._.js:6081:21)
    at beginWork (http://localhost:3000/_next/static/chunks/0kit_next_dist_compiled_react-dom_0ctbhl9._.js:6691:24)
    at runWithFiberInDEV (http://localhost:3000/_next/static/chunks/0kit_next_dist_compiled_react-dom_0ctbhl9._.js:965:74)
    at performUnitOfWork (http://localhost:3000/_next/static/chunks/0kit_next_dist_compiled_react-dom_0ctbhl9._.js:9555:97)
    at workLoopSync (http://localhost:3000/_next/static/chunks/0kit_next_dist_compiled_react-dom_0ctbhl9._.js:9449:40)
    at renderRootSync (http://localhost:3000/_next/static/chunks/0kit_next_dist_compiled_react-dom_0ctbhl9._.js:9433:13)
    at performWorkOnRoot (http://localhost:3000/_next/static/chunks/0kit_next_dist_compiled_react-dom_0ctbhl9._.js:9098:47)
    at performSyncWorkOnRoot (http://localhost:3000/_next/static/chunks/0kit_next_dist_compiled_react-dom_0ctbhl9._.js:10263:9)
    at flushSyncWorkAcrossRoots_impl (http://localhost:3000/_next/static/chunks/0kit_next_dist_compiled_react-dom_0ctbhl9._.js:10179:316)
    at flushSyncWork$1 (http://localhost:3000/_next/static/chunks/0kit_next_dist_compiled_react-dom_0ctbhl9._.js:9230:86)
    at Object.scheduleRefresh (http://localhost:3000/_next/static/chunks/0kit_next_dist_compiled_react-dom_0ctbhl9._.js:299:13)
    at http://localhost:3000/_next/static/chunks/0kit_next_dist_compiled_0iuxy_s._.js:391:33
    at Set.forEach (<anonymous>)
    at Object.performReactRefresh (http://localhost:3000/_next/static/chunks/0kit_next_dist_compiled_0iuxy_s._.js:384:38)
    at applyUpdate (http://localhost:3000/_next/static/chunks/0kit_next_dist_compiled_0iuxy_s._.js:878:31)
    at http://localhost:3000/_next/static/chunks/0kit_next_dist_compiled_0iuxy_s._.js:886:13 The above error occurred in the <ItemContent> component. It was handled by the <ErrorBoundaryHandler> error boundary. @ http://localhost:3000/_next/static/chunks/0kit_next_dist_client_0nvl.jm._.js:3351
