[    1184ms] [ERROR] Manifest: Line: 1, column: 1, Syntax error. @ http://localhost:3000/manifest.webmanifest:0
[    1335ms] [ERROR] Manifest: Line: 1, column: 1, Syntax error. @ http://localhost:3000/manifest.webmanifest:0
[   11798ms] [ERROR] Manifest: Line: 1, column: 1, Syntax error. @ http://localhost:3000/manifest.webmanifest:0
[   20217ms] [ERROR] Manifest: Line: 1, column: 1, Syntax error. @ http://localhost:3000/manifest.webmanifest:0
[  532961ms] [ERROR] Failed to load resource: net::ERR_FAILED @ http://localhost:3000/settings?_rsc=1g02h:0
[  532964ms] [ERROR] Failed to fetch RSC payload for http://localhost:3000/settings. Falling back to browser navigation. TypeError: Failed to fetch
    at createFetch (http://localhost:3000/_next/static/chunks/13j9_next_dist_client_043crv4._.js:9377:21)
    at fetchServerResponse (http://localhost:3000/_next/static/chunks/13j9_next_dist_client_043crv4._.js:9221:27)
    at fetchMissingDynamicData (http://localhost:3000/_next/static/chunks/13j9_next_dist_client_043crv4._.js:10661:75)
    at spawnDynamicRequests (http://localhost:3000/_next/static/chunks/13j9_next_dist_client_043crv4._.js:10469:35)
    at navigateToKnownRoute (http://localhost:3000/_next/static/chunks/13j9_next_dist_client_043crv4._.js:11320:54)
    at refreshDynamicData (http://localhost:3000/_next/static/chunks/13j9_next_dist_client_043crv4._.js:11940:49)
    at hmrRefreshReducer (http://localhost:3000/_next/static/chunks/13j9_next_dist_client_043crv4._.js:12089:51)
    at clientReducer (http://localhost:3000/_next/static/chunks/13j9_next_dist_client_043crv4._.js:12625:65)
    at Object.action (http://localhost:3000/_next/static/chunks/13j9_next_dist_client_043crv4._.js:12858:55)
    at runAction (http://localhost:3000/_next/static/chunks/13j9_next_dist_client_043crv4._.js:12763:38)
    at dispatchAction (http://localhost:3000/_next/static/chunks/13j9_next_dist_client_043crv4._.js:12826:9)
    at Object.dispatch (http://localhost:3000/_next/static/chunks/13j9_next_dist_client_043crv4._.js:12856:40)
    at http://localhost:3000/_next/static/chunks/13j9_next_dist_client_043crv4._.js:2317:29
    at startTransition (http://localhost:3000/_next/static/chunks/13j9_next_dist_compiled_react-dom_0_gqbj6._.js:5470:31)
    at nextDispatch (http://localhost:3000/_next/static/chunks/13j9_next_dist_client_043crv4._.js:2316:13)
    at dispatchAppRouterAction (http://localhost:3000/_next/static/chunks/13j9_next_dist_client_043crv4._.js:2276:5)
    at http://localhost:3000/_next/static/chunks/13j9_next_dist_client_043crv4._.js:13027:61
    at startTransition (http://localhost:3000/_next/static/chunks/13j9_next_dist_compiled_0igeloi._.js:1280:31)
    at Object.hmrRefresh (http://localhost:3000/_next/static/chunks/13j9_next_dist_client_043crv4._.js:13026:40)
    at http://localhost:3000/_next/static/chunks/13j9_next_dist_client_043crv4._.js:15194:64
    at startTransition (http://localhost:3000/_next/static/chunks/13j9_next_dist_compiled_0igeloi._.js:1280:31)
    at processMessage (http://localhost:3000/_next/static/chunks/13j9_next_dist_client_043crv4._.js:15193:44)
    at WebSocket.handleMessage (http://localhost:3000/_next/static/chunks/13j9_next_dist_client_043crv4._.js:14562:52) @ http://localhost:3000/_next/static/chunks/13j9_next_dist_01dltj8._.js:1915
[  532967ms] [ERROR] Failed to load resource: net::ERR_FAILED @ http://localhost:3000/settings?_rsc=1g02h:0
[  532967ms] [ERROR] Failed to fetch RSC payload for http://localhost:3000/settings. Falling back to browser navigation. TypeError: Failed to fetch
    at createFetch (http://localhost:3000/_next/static/chunks/13j9_next_dist_client_043crv4._.js:9377:21)
    at fetchServerResponse (http://localhost:3000/_next/static/chunks/13j9_next_dist_client_043crv4._.js:9221:27)
    at fetchMissingDynamicData (http://localhost:3000/_next/static/chunks/13j9_next_dist_client_043crv4._.js:10661:75)
    at spawnDynamicRequests (http://localhost:3000/_next/static/chunks/13j9_next_dist_client_043crv4._.js:10469:35)
    at navigateToKnownRoute (http://localhost:3000/_next/static/chunks/13j9_next_dist_client_043crv4._.js:11320:54)
    at refreshDynamicData (http://localhost:3000/_next/static/chunks/13j9_next_dist_client_043crv4._.js:11940:49)
    at hmrRefreshReducer (http://localhost:3000/_next/static/chunks/13j9_next_dist_client_043crv4._.js:12089:51)
    at clientReducer (http://localhost:3000/_next/static/chunks/13j9_next_dist_client_043crv4._.js:12625:65)
    at Object.action (http://localhost:3000/_next/static/chunks/13j9_next_dist_client_043crv4._.js:12858:55)
    at runAction (http://localhost:3000/_next/static/chunks/13j9_next_dist_client_043crv4._.js:12763:38)
    at dispatchAction (http://localhost:3000/_next/static/chunks/13j9_next_dist_client_043crv4._.js:12826:9)
    at Object.dispatch (http://localhost:3000/_next/static/chunks/13j9_next_dist_client_043crv4._.js:12856:40)
    at http://localhost:3000/_next/static/chunks/13j9_next_dist_client_043crv4._.js:2317:29
    at startTransition (http://localhost:3000/_next/static/chunks/13j9_next_dist_compiled_react-dom_0_gqbj6._.js:5470:31)
    at nextDispatch (http://localhost:3000/_next/static/chunks/13j9_next_dist_client_043crv4._.js:2316:13)
    at dispatchAppRouterAction (http://localhost:3000/_next/static/chunks/13j9_next_dist_client_043crv4._.js:2276:5)
    at http://localhost:3000/_next/static/chunks/13j9_next_dist_client_043crv4._.js:13027:61
    at startTransition (http://localhost:3000/_next/static/chunks/13j9_next_dist_compiled_0igeloi._.js:1280:31)
    at Object.hmrRefresh (http://localhost:3000/_next/static/chunks/13j9_next_dist_client_043crv4._.js:13026:40)
    at http://localhost:3000/_next/static/chunks/13j9_next_dist_client_043crv4._.js:15194:64
    at startTransition (http://localhost:3000/_next/static/chunks/13j9_next_dist_compiled_0igeloi._.js:1280:31)
    at processMessage (http://localhost:3000/_next/static/chunks/13j9_next_dist_client_043crv4._.js:15193:44)
    at WebSocket.handleMessage (http://localhost:3000/_next/static/chunks/13j9_next_dist_client_043crv4._.js:14562:52) @ http://localhost:3000/_next/static/chunks/13j9_next_dist_01dltj8._.js:1915
