[    1194ms] [ERROR] Manifest: Line: 1, column: 1, Syntax error. @ http://localhost:3000/manifest.webmanifest:0
[    1814ms] [ERROR] Manifest: Line: 1, column: 1, Syntax error. @ http://localhost:3000/manifest.webmanifest:0
[   10421ms] [WARNING] The resource http://localhost:3000/_next/static/chunks/%5Broot-of-the-server%5D__0~3y_14._.css was preloaded using link preload but not used within a few seconds from the window's load event. Please make sure it has an appropriate `as` value and it is preloaded intentionally. @ http://localhost:3000/research/item/971acee5-1b4a-415b-a238-55955f24cd9a:0
[   16616ms] [ERROR] Manifest: Line: 1, column: 1, Syntax error. @ http://localhost:3000/manifest.webmanifest:0
[   17599ms] [ERROR] Manifest: Line: 1, column: 1, Syntax error. @ http://localhost:3000/manifest.webmanifest:0
[  170151ms] [ERROR] Manifest: Line: 1, column: 1, Syntax error. @ http://localhost:3000/manifest.webmanifest:0
[  474592ms] [ERROR] Manifest: Line: 1, column: 1, Syntax error. @ http://localhost:3000/manifest.webmanifest:0
[  480252ms] [ERROR] Manifest: Line: 1, column: 1, Syntax error. @ http://localhost:3000/manifest.webmanifest:0
[  567880ms] [ERROR] Manifest: Line: 1, column: 1, Syntax error. @ http://localhost:3000/manifest.webmanifest:0
[  569597ms] [ERROR] Manifest: Line: 1, column: 1, Syntax error. @ http://localhost:3000/manifest.webmanifest:0
[  620850ms] [ERROR] Manifest: Line: 1, column: 1, Syntax error. @ http://localhost:3000/manifest.webmanifest:0
[  622047ms] [ERROR] Manifest: Line: 1, column: 1, Syntax error. @ http://localhost:3000/manifest.webmanifest:0
[ 4077572ms] [ERROR] WebSocket connection to 'ws://localhost:3000/_next/hmr?id=8ZKh3KcD8zLBc_g_hPHmQ' failed: Error in connection establishment: net::ERR_CONNECTION_REFUSED @ http://localhost:3000/_next/static/chunks/0kit_next_dist_client_0nvl.jm._.js:14525
[ 4081679ms] [ERROR] WebSocket connection to 'ws://localhost:3000/_next/hmr?id=8ZKh3KcD8zLBc_g_hPHmQ' failed: Error in connection establishment: net::ERR_CONNECTION_REFUSED @ http://localhost:3000/_next/static/chunks/0kit_next_dist_client_0nvl.jm._.js:14525
[ 4085754ms] [ERROR] WebSocket connection to 'ws://localhost:3000/_next/hmr?id=8ZKh3KcD8zLBc_g_hPHmQ' failed: Error in connection establishment: net::ERR_CONNECTION_REFUSED @ http://localhost:3000/_next/static/chunks/0kit_next_dist_client_0nvl.jm._.js:14525
[ 4089831ms] [ERROR] WebSocket connection to 'ws://localhost:3000/_next/hmr?id=8ZKh3KcD8zLBc_g_hPHmQ' failed: Error in connection establishment: net::ERR_CONNECTION_REFUSED @ http://localhost:3000/_next/static/chunks/0kit_next_dist_client_0nvl.jm._.js:14525
[ 4093918ms] [ERROR] WebSocket connection to 'ws://localhost:3000/_next/hmr?id=8ZKh3KcD8zLBc_g_hPHmQ' failed: Error in connection establishment: net::ERR_CONNECTION_REFUSED @ http://localhost:3000/_next/static/chunks/0kit_next_dist_client_0nvl.jm._.js:14525
[ 4101286ms] [ERROR] WebSocket connection to 'ws://localhost:3000/_next/hmr?id=8ZKh3KcD8zLBc_g_hPHmQ' failed: Error in connection establishment: net::ERR_CONNECTION_REFUSED @ http://localhost:3000/_next/static/chunks/0kit_next_dist_client_0nvl.jm._.js:14525
[ 4108658ms] [ERROR] WebSocket connection to 'ws://localhost:3000/_next/hmr?id=8ZKh3KcD8zLBc_g_hPHmQ' failed: Error in connection establishment: net::ERR_CONNECTION_REFUSED @ http://localhost:3000/_next/static/chunks/0kit_next_dist_client_0nvl.jm._.js:14525
[ 4116035ms] [ERROR] WebSocket connection to 'ws://localhost:3000/_next/hmr?id=8ZKh3KcD8zLBc_g_hPHmQ' failed: Error in connection establishment: net::ERR_CONNECTION_REFUSED @ http://localhost:3000/_next/static/chunks/0kit_next_dist_client_0nvl.jm._.js:14525
[ 4123393ms] [ERROR] WebSocket connection to 'ws://localhost:3000/_next/hmr?id=8ZKh3KcD8zLBc_g_hPHmQ' failed: Error in connection establishment: net::ERR_CONNECTION_REFUSED @ http://localhost:3000/_next/static/chunks/0kit_next_dist_client_0nvl.jm._.js:14525
[ 4130766ms] [ERROR] WebSocket connection to 'ws://localhost:3000/_next/hmr?id=8ZKh3KcD8zLBc_g_hPHmQ' failed: Error in connection establishment: net::ERR_CONNECTION_REFUSED @ http://localhost:3000/_next/static/chunks/0kit_next_dist_client_0nvl.jm._.js:14525
[ 4138212ms] [ERROR] WebSocket connection to 'ws://localhost:3000/_next/hmr?id=8ZKh3KcD8zLBc_g_hPHmQ' failed: Error in connection establishment: net::ERR_CONNECTION_REFUSED @ http://localhost:3000/_next/static/chunks/0kit_next_dist_client_0nvl.jm._.js:14525
[ 4145678ms] [ERROR] WebSocket connection to 'ws://localhost:3000/_next/hmr?id=8ZKh3KcD8zLBc_g_hPHmQ' failed: Error in connection establishment: net::ERR_CONNECTION_REFUSED @ http://localhost:3000/_next/static/chunks/0kit_next_dist_client_0nvl.jm._.js:14525
[ 4151051ms] [ERROR] Manifest: Line: 1, column: 1, Syntax error. @ http://localhost:3000/manifest.webmanifest:0
[ 4167518ms] [ERROR] WebSocket connection to 'ws://localhost:3000/_next/hmr?id=IK29bWGFh_gQR__LexWc_' failed: Error in connection establishment: net::ERR_CONNECTION_REFUSED @ http://localhost:3000/_next/static/chunks/0kit_next_dist_client_0nvl.jm._.js:14525
[ 4171593ms] [ERROR] WebSocket connection to 'ws://localhost:3000/_next/hmr?id=IK29bWGFh_gQR__LexWc_' failed: Error in connection establishment: net::ERR_CONNECTION_REFUSED @ http://localhost:3000/_next/static/chunks/0kit_next_dist_client_0nvl.jm._.js:14525
[ 4174445ms] [ERROR] Manifest: Line: 1, column: 1, Syntax error. @ http://localhost:3000/manifest.webmanifest:0
[ 4175807ms] [ERROR] WebSocket connection to 'ws://localhost:3000/_next/hmr?id=IK29bWGFh_gQR__LexWc_' failed: Error in connection establishment: net::ERR_CONNECTION_REFUSED @ http://localhost:3000/_next/static/chunks/0kit_next_dist_client_0nvl.jm._.js:14525
[ 4181193ms] [ERROR] WebSocket connection to 'ws://localhost:3000/_next/hmr?id=IK29bWGFh_gQR__LexWc_' failed: Error in connection establishment: net::ERR_CONNECTION_REFUSED @ http://localhost:3000/_next/static/chunks/0kit_next_dist_client_0nvl.jm._.js:14525
[ 4187863ms] [ERROR] WebSocket connection to 'ws://localhost:3000/_next/hmr?id=IK29bWGFh_gQR__LexWc_' failed: Error in connection establishment: net::ERR_CONNECTION_REFUSED @ http://localhost:3000/_next/static/chunks/0kit_next_dist_client_0nvl.jm._.js:14525
[ 4196790ms] [ERROR] WebSocket connection to 'ws://localhost:3000/_next/hmr?id=IK29bWGFh_gQR__LexWc_' failed: Error in connection establishment: net::ERR_CONNECTION_REFUSED @ http://localhost:3000/_next/static/chunks/0kit_next_dist_client_0nvl.jm._.js:14525
[ 4209048ms] [ERROR] WebSocket connection to 'ws://localhost:3000/_next/hmr?id=IK29bWGFh_gQR__LexWc_' failed: Error in connection establishment: net::ERR_CONNECTION_REFUSED @ http://localhost:3000/_next/static/chunks/0kit_next_dist_client_0nvl.jm._.js:14525
[ 4220772ms] [ERROR] WebSocket connection to 'ws://localhost:3000/_next/hmr?id=IK29bWGFh_gQR__LexWc_' failed: Error in connection establishment: net::ERR_CONNECTION_REFUSED @ http://localhost:3000/_next/static/chunks/0kit_next_dist_client_0nvl.jm._.js:14525
[ 4231952ms] [ERROR] WebSocket connection to 'ws://localhost:3000/_next/hmr?id=IK29bWGFh_gQR__LexWc_' failed: Error in connection establishment: net::ERR_CONNECTION_REFUSED @ http://localhost:3000/_next/static/chunks/0kit_next_dist_client_0nvl.jm._.js:14525
[ 4245603ms] [ERROR] WebSocket connection to 'ws://localhost:3000/_next/hmr?id=IK29bWGFh_gQR__LexWc_' failed: Error in connection establishment: net::ERR_CONNECTION_REFUSED @ http://localhost:3000/_next/static/chunks/0kit_next_dist_client_0nvl.jm._.js:14525
[ 4257557ms] [ERROR] WebSocket connection to 'ws://localhost:3000/_next/hmr?id=IK29bWGFh_gQR__LexWc_' failed: Error in connection establishment: net::ERR_CONNECTION_REFUSED @ http://localhost:3000/_next/static/chunks/0kit_next_dist_client_0nvl.jm._.js:14525
[ 4266054ms] [ERROR] WebSocket connection to 'ws://localhost:3000/_next/hmr?id=IK29bWGFh_gQR__LexWc_' failed: Error in connection establishment: net::ERR_CONNECTION_REFUSED @ http://localhost:3000/_next/static/chunks/0kit_next_dist_client_0nvl.jm._.js:14525
[ 4276221ms] [ERROR] WebSocket connection to 'ws://localhost:3000/_next/hmr?id=IK29bWGFh_gQR__LexWc_' failed: Error in connection establishment: net::ERR_CONNECTION_REFUSED @ http://localhost:3000/_next/static/chunks/0kit_next_dist_client_0nvl.jm._.js:14525
[ 4281247ms] [ERROR] Manifest: Line: 1, column: 1, Syntax error. @ http://localhost:3000/manifest.webmanifest:0
[ 4290414ms] [ERROR] WebSocket connection to 'ws://localhost:3000/_next/hmr?id=IK29bWGFh_gQR__LexWc_' failed: Error in connection establishment: net::ERR_CONNECTION_REFUSED @ http://localhost:3000/_next/static/chunks/0kit_next_dist_client_0nvl.jm._.js:14525
[ 4295064ms] [ERROR] Manifest: Line: 1, column: 1, Syntax error. @ http://localhost:3000/manifest.webmanifest:0
[ 4296990ms] [ERROR] WebSocket connection to 'ws://localhost:3000/_next/hmr?id=IK29bWGFh_gQR__LexWc_' failed: Error in connection establishment: net::ERR_CONNECTION_REFUSED @ http://localhost:3000/_next/static/chunks/0kit_next_dist_client_0nvl.jm._.js:14525
[ 4304163ms] [ERROR] WebSocket connection to 'ws://localhost:3000/_next/hmr?id=IK29bWGFh_gQR__LexWc_' failed: Error in connection establishment: net::ERR_CONNECTION_REFUSED @ http://localhost:3000/_next/static/chunks/0kit_next_dist_client_0nvl.jm._.js:14525
[ 4308767ms] [ERROR] WebSocket connection to 'ws://localhost:3000/_next/hmr?id=IK29bWGFh_gQR__LexWc_' failed: Error in connection establishment: net::ERR_CONNECTION_REFUSED @ http://localhost:3000/_next/static/chunks/0kit_next_dist_client_0nvl.jm._.js:14525
[ 4315449ms] [ERROR] WebSocket connection to 'ws://localhost:3000/_next/hmr?id=IK29bWGFh_gQR__LexWc_' failed: Error in connection establishment: net::ERR_CONNECTION_REFUSED @ http://localhost:3000/_next/static/chunks/0kit_next_dist_client_0nvl.jm._.js:14525
[ 4319068ms] [ERROR] WebSocket connection to 'ws://localhost:3000/_next/hmr?id=IK29bWGFh_gQR__LexWc_' failed: Error in connection establishment: net::ERR_CONNECTION_REFUSED @ http://localhost:3000/_next/static/chunks/0kit_next_dist_client_0nvl.jm._.js:14525
[ 4326905ms] [ERROR] WebSocket connection to 'ws://localhost:3000/_next/hmr?id=IK29bWGFh_gQR__LexWc_' failed: Error in connection establishment: net::ERR_CONNECTION_REFUSED @ http://localhost:3000/_next/static/chunks/0kit_next_dist_client_0nvl.jm._.js:14525
[ 4335575ms] [ERROR] WebSocket connection to 'ws://localhost:3000/_next/hmr?id=IK29bWGFh_gQR__LexWc_' failed: Error in connection establishment: net::ERR_CONNECTION_REFUSED @ http://localhost:3000/_next/static/chunks/0kit_next_dist_client_0nvl.jm._.js:14525
[ 4347072ms] [ERROR] WebSocket connection to 'ws://localhost:3000/_next/hmr?id=IK29bWGFh_gQR__LexWc_' failed: Error in connection establishment: net::ERR_CONNECTION_REFUSED @ http://localhost:3000/_next/static/chunks/0kit_next_dist_client_0nvl.jm._.js:14525
[ 4357447ms] [ERROR] WebSocket connection to 'ws://localhost:3000/_next/hmr?id=IK29bWGFh_gQR__LexWc_' failed: Error in connection establishment: net::ERR_CONNECTION_REFUSED @ http://localhost:3000/_next/static/chunks/0kit_next_dist_client_0nvl.jm._.js:14525
[ 4366991ms] [ERROR] WebSocket connection to 'ws://localhost:3000/_next/hmr?id=IK29bWGFh_gQR__LexWc_' failed: Error in connection establishment: net::ERR_CONNECTION_REFUSED @ http://localhost:3000/_next/static/chunks/0kit_next_dist_client_0nvl.jm._.js:14525
[ 4377298ms] [ERROR] WebSocket connection to 'ws://localhost:3000/_next/hmr?id=IK29bWGFh_gQR__LexWc_' failed: Error in connection establishment: net::ERR_CONNECTION_REFUSED @ http://localhost:3000/_next/static/chunks/0kit_next_dist_client_0nvl.jm._.js:14525
[ 4388266ms] [ERROR] WebSocket connection to 'ws://localhost:3000/_next/hmr?id=IK29bWGFh_gQR__LexWc_' failed: Error in connection establishment: net::ERR_CONNECTION_REFUSED @ http://localhost:3000/_next/static/chunks/0kit_next_dist_client_0nvl.jm._.js:14525
[ 4393376ms] [ERROR] Manifest: Line: 1, column: 1, Syntax error. @ http://localhost:3000/manifest.webmanifest:0
[ 4404958ms] [ERROR] WebSocket connection to 'ws://localhost:3000/_next/hmr?id=IK29bWGFh_gQR__LexWc_' failed: Error in connection establishment: net::ERR_CONNECTION_REFUSED @ http://localhost:3000/_next/static/chunks/0kit_next_dist_client_0nvl.jm._.js:14525
[ 4407448ms] [ERROR] Manifest: Line: 1, column: 1, Syntax error. @ http://localhost:3000/manifest.webmanifest:0
[ 4410211ms] [ERROR] WebSocket connection to 'ws://localhost:3000/_next/hmr?id=IK29bWGFh_gQR__LexWc_' failed: Error in connection establishment: net::ERR_CONNECTION_REFUSED @ http://localhost:3000/_next/static/chunks/0kit_next_dist_client_0nvl.jm._.js:14525
[ 4417150ms] [ERROR] WebSocket connection to 'ws://localhost:3000/_next/hmr?id=IK29bWGFh_gQR__LexWc_' failed: Error in connection establishment: net::ERR_CONNECTION_REFUSED @ http://localhost:3000/_next/static/chunks/0kit_next_dist_client_0nvl.jm._.js:14525
[ 4426771ms] [ERROR] WebSocket connection to 'ws://localhost:3000/_next/hmr?id=IK29bWGFh_gQR__LexWc_' failed: Error in connection establishment: net::ERR_CONNECTION_REFUSED @ http://localhost:3000/_next/static/chunks/0kit_next_dist_client_0nvl.jm._.js:14525
[ 4434098ms] [ERROR] WebSocket connection to 'ws://localhost:3000/_next/hmr?id=IK29bWGFh_gQR__LexWc_' failed: Error in connection establishment: net::ERR_CONNECTION_REFUSED @ http://localhost:3000/_next/static/chunks/0kit_next_dist_client_0nvl.jm._.js:14525
[ 4438231ms] [ERROR] WebSocket connection to 'ws://localhost:3000/_next/hmr?id=IK29bWGFh_gQR__LexWc_' failed: Error in connection establishment: net::ERR_CONNECTION_REFUSED @ http://localhost:3000/_next/static/chunks/0kit_next_dist_client_0nvl.jm._.js:14525
[ 4448046ms] [ERROR] WebSocket connection to 'ws://localhost:3000/_next/hmr?id=IK29bWGFh_gQR__LexWc_' failed: Error in connection establishment: net::ERR_CONNECTION_REFUSED @ http://localhost:3000/_next/static/chunks/0kit_next_dist_client_0nvl.jm._.js:14525
[ 4459100ms] [ERROR] WebSocket connection to 'ws://localhost:3000/_next/hmr?id=IK29bWGFh_gQR__LexWc_' failed: Error in connection establishment: net::ERR_CONNECTION_REFUSED @ http://localhost:3000/_next/static/chunks/0kit_next_dist_client_0nvl.jm._.js:14525
[ 4468246ms] [ERROR] WebSocket connection to 'ws://localhost:3000/_next/hmr?id=IK29bWGFh_gQR__LexWc_' failed: Error in connection establishment: net::ERR_CONNECTION_REFUSED @ http://localhost:3000/_next/static/chunks/0kit_next_dist_client_0nvl.jm._.js:14525
[ 4481145ms] [ERROR] WebSocket connection to 'ws://localhost:3000/_next/hmr?id=IK29bWGFh_gQR__LexWc_' failed: Error in connection establishment: net::ERR_CONNECTION_REFUSED @ http://localhost:3000/_next/static/chunks/0kit_next_dist_client_0nvl.jm._.js:14525
[ 4492173ms] [ERROR] WebSocket connection to 'ws://localhost:3000/_next/hmr?id=IK29bWGFh_gQR__LexWc_' failed: Error in connection establishment: net::ERR_CONNECTION_REFUSED @ http://localhost:3000/_next/static/chunks/0kit_next_dist_client_0nvl.jm._.js:14525
[ 4502000ms] [ERROR] WebSocket connection to 'ws://localhost:3000/_next/hmr?id=IK29bWGFh_gQR__LexWc_' failed: Error in connection establishment: net::ERR_CONNECTION_REFUSED @ http://localhost:3000/_next/static/chunks/0kit_next_dist_client_0nvl.jm._.js:14525
[ 4512014ms] [ERROR] WebSocket connection to 'ws://localhost:3000/_next/hmr?id=IK29bWGFh_gQR__LexWc_' failed: Error in connection establishment: net::ERR_CONNECTION_REFUSED @ http://localhost:3000/_next/static/chunks/0kit_next_dist_client_0nvl.jm._.js:14525
[ 4517400ms] [ERROR] Manifest: Line: 1, column: 1, Syntax error. @ http://localhost:3000/manifest.webmanifest:0
[ 4527413ms] [ERROR] WebSocket connection to 'ws://localhost:3000/_next/hmr?id=IK29bWGFh_gQR__LexWc_' failed: Error in connection establishment: net::ERR_CONNECTION_REFUSED @ http://localhost:3000/_next/static/chunks/0kit_next_dist_client_0nvl.jm._.js:14525
[ 4530915ms] [ERROR] Manifest: Line: 1, column: 1, Syntax error. @ http://localhost:3000/manifest.webmanifest:0
[ 4535730ms] [ERROR] WebSocket connection to 'ws://localhost:3000/_next/hmr?id=IK29bWGFh_gQR__LexWc_' failed: Error in connection establishment: net::ERR_CONNECTION_REFUSED @ http://localhost:3000/_next/static/chunks/0kit_next_dist_client_0nvl.jm._.js:14525
[ 4544112ms] [ERROR] WebSocket connection to 'ws://localhost:3000/_next/hmr?id=IK29bWGFh_gQR__LexWc_' failed: Error in connection establishment: net::ERR_CONNECTION_REFUSED @ http://localhost:3000/_next/static/chunks/0kit_next_dist_client_0nvl.jm._.js:14525
[ 4549795ms] [ERROR] WebSocket connection to 'ws://localhost:3000/_next/hmr?id=IK29bWGFh_gQR__LexWc_' failed: Error in connection establishment: net::ERR_CONNECTION_REFUSED @ http://localhost:3000/_next/static/chunks/0kit_next_dist_client_0nvl.jm._.js:14525
[ 4556226ms] [ERROR] WebSocket connection to 'ws://localhost:3000/_next/hmr?id=IK29bWGFh_gQR__LexWc_' failed: Error in connection establishment: net::ERR_CONNECTION_REFUSED @ http://localhost:3000/_next/static/chunks/0kit_next_dist_client_0nvl.jm._.js:14525
[ 4560762ms] [ERROR] WebSocket connection to 'ws://localhost:3000/_next/hmr?id=IK29bWGFh_gQR__LexWc_' failed: Error in connection establishment: net::ERR_CONNECTION_REFUSED @ http://localhost:3000/_next/static/chunks/0kit_next_dist_client_0nvl.jm._.js:14525
[ 4569316ms] [ERROR] WebSocket connection to 'ws://localhost:3000/_next/hmr?id=IK29bWGFh_gQR__LexWc_' failed: Error in connection establishment: net::ERR_CONNECTION_REFUSED @ http://localhost:3000/_next/static/chunks/0kit_next_dist_client_0nvl.jm._.js:14525
[ 4577855ms] [ERROR] WebSocket connection to 'ws://localhost:3000/_next/hmr?id=IK29bWGFh_gQR__LexWc_' failed: Error in connection establishment: net::ERR_CONNECTION_REFUSED @ http://localhost:3000/_next/static/chunks/0kit_next_dist_client_0nvl.jm._.js:14525
[ 4586240ms] [ERROR] WebSocket connection to 'ws://localhost:3000/_next/hmr?id=IK29bWGFh_gQR__LexWc_' failed: Error in connection establishment: net::ERR_CONNECTION_REFUSED @ http://localhost:3000/_next/static/chunks/0kit_next_dist_client_0nvl.jm._.js:14525
[ 4594877ms] [ERROR] WebSocket connection to 'ws://localhost:3000/_next/hmr?id=IK29bWGFh_gQR__LexWc_' failed: Error in connection establishment: net::ERR_CONNECTION_REFUSED @ http://localhost:3000/_next/static/chunks/0kit_next_dist_client_0nvl.jm._.js:14525
[ 4606668ms] [ERROR] WebSocket connection to 'ws://localhost:3000/_next/hmr?id=IK29bWGFh_gQR__LexWc_' failed: Error in connection establishment: net::ERR_CONNECTION_REFUSED @ http://localhost:3000/_next/static/chunks/0kit_next_dist_client_0nvl.jm._.js:14525
[ 4620325ms] [ERROR] WebSocket connection to 'ws://localhost:3000/_next/hmr?id=IK29bWGFh_gQR__LexWc_' failed: Error in connection establishment: net::ERR_CONNECTION_REFUSED @ http://localhost:3000/_next/static/chunks/0kit_next_dist_client_0nvl.jm._.js:14525
[ 4630743ms] [ERROR] WebSocket connection to 'ws://localhost:3000/_next/hmr?id=IK29bWGFh_gQR__LexWc_' failed: Error in connection establishment: net::ERR_CONNECTION_REFUSED @ http://localhost:3000/_next/static/chunks/0kit_next_dist_client_0nvl.jm._.js:14525
[ 4635736ms] [ERROR] Manifest: Line: 1, column: 1, Syntax error. @ http://localhost:3000/manifest.webmanifest:0
[ 4644643ms] [ERROR] WebSocket connection to 'ws://localhost:3000/_next/hmr?id=IK29bWGFh_gQR__LexWc_' failed: Error in connection establishment: net::ERR_CONNECTION_REFUSED @ http://localhost:3000/_next/static/chunks/0kit_next_dist_client_0nvl.jm._.js:14525
[ 4649934ms] [ERROR] Manifest: Line: 1, column: 1, Syntax error. @ http://localhost:3000/manifest.webmanifest:0
[ 4652136ms] [ERROR] WebSocket connection to 'ws://localhost:3000/_next/hmr?id=IK29bWGFh_gQR__LexWc_' failed: Error in connection establishment: net::ERR_CONNECTION_REFUSED @ http://localhost:3000/_next/static/chunks/0kit_next_dist_client_0nvl.jm._.js:14525
[ 4658797ms] [ERROR] WebSocket connection to 'ws://localhost:3000/_next/hmr?id=IK29bWGFh_gQR__LexWc_' failed: Error in connection establishment: net::ERR_CONNECTION_REFUSED @ http://localhost:3000/_next/static/chunks/0kit_next_dist_client_0nvl.jm._.js:14525
[ 4666246ms] [ERROR] WebSocket connection to 'ws://localhost:3000/_next/hmr?id=IK29bWGFh_gQR__LexWc_' failed: Error in connection establishment: net::ERR_CONNECTION_REFUSED @ http://localhost:3000/_next/static/chunks/0kit_next_dist_client_0nvl.jm._.js:14525
[ 4672529ms] [ERROR] WebSocket connection to 'ws://localhost:3000/_next/hmr?id=IK29bWGFh_gQR__LexWc_' failed: Error in connection establishment: net::ERR_CONNECTION_REFUSED @ http://localhost:3000/_next/static/chunks/0kit_next_dist_client_0nvl.jm._.js:14525
[ 4675911ms] [ERROR] WebSocket connection to 'ws://localhost:3000/_next/hmr?id=IK29bWGFh_gQR__LexWc_' failed: Error in connection establishment: net::ERR_CONNECTION_REFUSED @ http://localhost:3000/_next/static/chunks/0kit_next_dist_client_0nvl.jm._.js:14525
[ 4683274ms] [ERROR] WebSocket connection to 'ws://localhost:3000/_next/hmr?id=IK29bWGFh_gQR__LexWc_' failed: Error in connection establishment: net::ERR_CONNECTION_REFUSED @ http://localhost:3000/_next/static/chunks/0kit_next_dist_client_0nvl.jm._.js:14525
[ 4690610ms] [ERROR] WebSocket connection to 'ws://localhost:3000/_next/hmr?id=IK29bWGFh_gQR__LexWc_' failed: Error in connection establishment: net::ERR_CONNECTION_REFUSED @ http://localhost:3000/_next/static/chunks/0kit_next_dist_client_0nvl.jm._.js:14525
[ 4697982ms] [ERROR] WebSocket connection to 'ws://localhost:3000/_next/hmr?id=IK29bWGFh_gQR__LexWc_' failed: Error in connection establishment: net::ERR_CONNECTION_REFUSED @ http://localhost:3000/_next/static/chunks/0kit_next_dist_client_0nvl.jm._.js:14525
[ 4706938ms] [ERROR] WebSocket connection to 'ws://localhost:3000/_next/hmr?id=IK29bWGFh_gQR__LexWc_' failed: Error in connection establishment: net::ERR_CONNECTION_REFUSED @ http://localhost:3000/_next/static/chunks/0kit_next_dist_client_0nvl.jm._.js:14525
[ 4714433ms] [ERROR] WebSocket connection to 'ws://localhost:3000/_next/hmr?id=IK29bWGFh_gQR__LexWc_' failed: Error in connection establishment: net::ERR_CONNECTION_REFUSED @ http://localhost:3000/_next/static/chunks/0kit_next_dist_client_0nvl.jm._.js:14525
[ 4721934ms] [ERROR] WebSocket connection to 'ws://localhost:3000/_next/hmr?id=IK29bWGFh_gQR__LexWc_' failed: Error in connection establishment: net::ERR_CONNECTION_REFUSED @ http://localhost:3000/_next/static/chunks/0kit_next_dist_client_0nvl.jm._.js:14525
[ 4729323ms] [ERROR] WebSocket connection to 'ws://localhost:3000/_next/hmr?id=IK29bWGFh_gQR__LexWc_' failed: Error in connection establishment: net::ERR_CONNECTION_REFUSED @ http://localhost:3000/_next/static/chunks/0kit_next_dist_client_0nvl.jm._.js:14525
[ 4734304ms] [ERROR] Manifest: Line: 1, column: 1, Syntax error. @ http://localhost:3000/manifest.webmanifest:0
[ 4741466ms] [ERROR] WebSocket connection to 'ws://localhost:3000/_next/hmr?id=IK29bWGFh_gQR__LexWc_' failed: Error in connection establishment: net::ERR_CONNECTION_REFUSED @ http://localhost:3000/_next/static/chunks/0kit_next_dist_client_0nvl.jm._.js:14525
[ 4744875ms] [ERROR] WebSocket connection to 'ws://localhost:3000/_next/hmr?id=IK29bWGFh_gQR__LexWc_' failed: Error in connection establishment: net::ERR_CONNECTION_REFUSED @ http://localhost:3000/_next/static/chunks/0kit_next_dist_client_0nvl.jm._.js:14525
[ 4748373ms] [ERROR] Manifest: Line: 1, column: 1, Syntax error. @ http://localhost:3000/manifest.webmanifest:0
[ 4749007ms] [ERROR] WebSocket connection to 'ws://localhost:3000/_next/hmr?id=IK29bWGFh_gQR__LexWc_' failed: Error in connection establishment: net::ERR_CONNECTION_REFUSED @ http://localhost:3000/_next/static/chunks/0kit_next_dist_client_0nvl.jm._.js:14525
[ 4752434ms] [ERROR] WebSocket connection to 'ws://localhost:3000/_next/hmr?id=IK29bWGFh_gQR__LexWc_' failed: Error in connection establishment: net::ERR_CONNECTION_REFUSED @ http://localhost:3000/_next/static/chunks/0kit_next_dist_client_0nvl.jm._.js:14525
[ 4756569ms] [ERROR] WebSocket connection to 'ws://localhost:3000/_next/hmr?id=IK29bWGFh_gQR__LexWc_' failed: Error in connection establishment: net::ERR_CONNECTION_REFUSED @ http://localhost:3000/_next/static/chunks/0kit_next_dist_client_0nvl.jm._.js:14525
[ 4760100ms] [ERROR] WebSocket connection to 'ws://localhost:3000/_next/hmr?id=IK29bWGFh_gQR__LexWc_' failed: Error in connection establishment: net::ERR_CONNECTION_REFUSED @ http://localhost:3000/_next/static/chunks/0kit_next_dist_client_0nvl.jm._.js:14525
[ 4768525ms] [ERROR] WebSocket connection to 'ws://localhost:3000/_next/hmr?id=IK29bWGFh_gQR__LexWc_' failed: Error in connection establishment: net::ERR_CONNECTION_REFUSED @ http://localhost:3000/_next/static/chunks/0kit_next_dist_client_0nvl.jm._.js:14525
[ 4778245ms] [ERROR] WebSocket connection to 'ws://localhost:3000/_next/hmr?id=IK29bWGFh_gQR__LexWc_' failed: Error in connection establishment: net::ERR_CONNECTION_REFUSED @ http://localhost:3000/_next/static/chunks/0kit_next_dist_client_0nvl.jm._.js:14525
[ 4787036ms] [ERROR] WebSocket connection to 'ws://localhost:3000/_next/hmr?id=IK29bWGFh_gQR__LexWc_' failed: Error in connection establishment: net::ERR_CONNECTION_REFUSED @ http://localhost:3000/_next/static/chunks/0kit_next_dist_client_0nvl.jm._.js:14525
[ 4798728ms] [ERROR] WebSocket connection to 'ws://localhost:3000/_next/hmr?id=IK29bWGFh_gQR__LexWc_' failed: Error in connection establishment: net::ERR_CONNECTION_REFUSED @ http://localhost:3000/_next/static/chunks/0kit_next_dist_client_0nvl.jm._.js:14525
[ 4809006ms] [ERROR] WebSocket connection to 'ws://localhost:3000/_next/hmr?id=IK29bWGFh_gQR__LexWc_' failed: Error in connection establishment: net::ERR_CONNECTION_REFUSED @ http://localhost:3000/_next/static/chunks/0kit_next_dist_client_0nvl.jm._.js:14525
[ 4819522ms] [ERROR] WebSocket connection to 'ws://localhost:3000/_next/hmr?id=IK29bWGFh_gQR__LexWc_' failed: Error in connection establishment: net::ERR_CONNECTION_REFUSED @ http://localhost:3000/_next/static/chunks/0kit_next_dist_client_0nvl.jm._.js:14525
[ 4829312ms] [ERROR] WebSocket connection to 'ws://localhost:3000/_next/hmr?id=IK29bWGFh_gQR__LexWc_' failed: Error in connection establishment: net::ERR_CONNECTION_REFUSED @ http://localhost:3000/_next/static/chunks/0kit_next_dist_client_0nvl.jm._.js:14525
[ 4834311ms] [ERROR] Manifest: Line: 1, column: 1, Syntax error. @ http://localhost:3000/manifest.webmanifest:0
[ 4846015ms] [ERROR] WebSocket connection to 'ws://localhost:3000/_next/hmr?id=IK29bWGFh_gQR__LexWc_' failed: Error in connection establishment: net::ERR_CONNECTION_REFUSED @ http://localhost:3000/_next/static/chunks/0kit_next_dist_client_0nvl.jm._.js:14525
[ 4848185ms] [ERROR] Manifest: Line: 1, column: 1, Syntax error. @ http://localhost:3000/manifest.webmanifest:0
[ 4855161ms] [ERROR] WebSocket connection to 'ws://localhost:3000/_next/hmr?id=IK29bWGFh_gQR__LexWc_' failed: Error in connection establishment: net::ERR_CONNECTION_REFUSED @ http://localhost:3000/_next/static/chunks/0kit_next_dist_client_0nvl.jm._.js:14525
[ 4860859ms] [ERROR] WebSocket connection to 'ws://localhost:3000/_next/hmr?id=IK29bWGFh_gQR__LexWc_' failed: Error in connection establishment: net::ERR_CONNECTION_REFUSED @ http://localhost:3000/_next/static/chunks/0kit_next_dist_client_0nvl.jm._.js:14525
[ 4866876ms] [ERROR] WebSocket connection to 'ws://localhost:3000/_next/hmr?id=IK29bWGFh_gQR__LexWc_' failed: Error in connection establishment: net::ERR_CONNECTION_REFUSED @ http://localhost:3000/_next/static/chunks/0kit_next_dist_client_0nvl.jm._.js:14525
[ 4874513ms] [ERROR] WebSocket connection to 'ws://localhost:3000/_next/hmr?id=IK29bWGFh_gQR__LexWc_' failed: Error in connection establishment: net::ERR_CONNECTION_REFUSED @ http://localhost:3000/_next/static/chunks/0kit_next_dist_client_0nvl.jm._.js:14525
[ 4879660ms] [ERROR] WebSocket connection to 'ws://localhost:3000/_next/hmr?id=IK29bWGFh_gQR__LexWc_' failed: Error in connection establishment: net::ERR_CONNECTION_REFUSED @ http://localhost:3000/_next/static/chunks/0kit_next_dist_client_0nvl.jm._.js:14525
[ 4889433ms] [ERROR] WebSocket connection to 'ws://localhost:3000/_next/hmr?id=IK29bWGFh_gQR__LexWc_' failed: Error in connection establishment: net::ERR_CONNECTION_REFUSED @ http://localhost:3000/_next/static/chunks/0kit_next_dist_client_0nvl.jm._.js:14525
[ 4901230ms] [ERROR] WebSocket connection to 'ws://localhost:3000/_next/hmr?id=IK29bWGFh_gQR__LexWc_' failed: Error in connection establishment: net::ERR_CONNECTION_REFUSED @ http://localhost:3000/_next/static/chunks/0kit_next_dist_client_0nvl.jm._.js:14525
[ 4910909ms] [ERROR] WebSocket connection to 'ws://localhost:3000/_next/hmr?id=IK29bWGFh_gQR__LexWc_' failed: Error in connection establishment: net::ERR_CONNECTION_REFUSED @ http://localhost:3000/_next/static/chunks/0kit_next_dist_client_0nvl.jm._.js:14525
[ 4918387ms] [ERROR] WebSocket connection to 'ws://localhost:3000/_next/hmr?id=IK29bWGFh_gQR__LexWc_' failed: Error in connection establishment: net::ERR_CONNECTION_REFUSED @ http://localhost:3000/_next/static/chunks/0kit_next_dist_client_0nvl.jm._.js:14525
[ 4925928ms] [ERROR] WebSocket connection to 'ws://localhost:3000/_next/hmr?id=IK29bWGFh_gQR__LexWc_' failed: Error in connection establishment: net::ERR_CONNECTION_REFUSED @ http://localhost:3000/_next/static/chunks/0kit_next_dist_client_0nvl.jm._.js:14525
[ 4933399ms] [ERROR] WebSocket connection to 'ws://localhost:3000/_next/hmr?id=IK29bWGFh_gQR__LexWc_' failed: Error in connection establishment: net::ERR_CONNECTION_REFUSED @ http://localhost:3000/_next/static/chunks/0kit_next_dist_client_0nvl.jm._.js:14525
[ 4940808ms] [ERROR] WebSocket connection to 'ws://localhost:3000/_next/hmr?id=IK29bWGFh_gQR__LexWc_' failed: Error in connection establishment: net::ERR_CONNECTION_REFUSED @ http://localhost:3000/_next/static/chunks/0kit_next_dist_client_0nvl.jm._.js:14525
[ 4945782ms] [ERROR] Manifest: Line: 1, column: 1, Syntax error. @ http://localhost:3000/manifest.webmanifest:0
[ 4952660ms] [ERROR] WebSocket connection to 'ws://localhost:3000/_next/hmr?id=IK29bWGFh_gQR__LexWc_' failed: Error in connection establishment: net::ERR_CONNECTION_REFUSED @ http://localhost:3000/_next/static/chunks/0kit_next_dist_client_0nvl.jm._.js:14525
[ 4956794ms] [ERROR] WebSocket connection to 'ws://localhost:3000/_next/hmr?id=IK29bWGFh_gQR__LexWc_' failed: Error in connection establishment: net::ERR_CONNECTION_REFUSED @ http://localhost:3000/_next/static/chunks/0kit_next_dist_client_0nvl.jm._.js:14525
[ 4959668ms] [ERROR] Manifest: Line: 1, column: 1, Syntax error. @ http://localhost:3000/manifest.webmanifest:0
[ 4960231ms] [ERROR] WebSocket connection to 'ws://localhost:3000/_next/hmr?id=IK29bWGFh_gQR__LexWc_' failed: Error in connection establishment: net::ERR_CONNECTION_REFUSED @ http://localhost:3000/_next/static/chunks/0kit_next_dist_client_0nvl.jm._.js:14525
[ 4964366ms] [ERROR] WebSocket connection to 'ws://localhost:3000/_next/hmr?id=IK29bWGFh_gQR__LexWc_' failed: Error in connection establishment: net::ERR_CONNECTION_REFUSED @ http://localhost:3000/_next/static/chunks/0kit_next_dist_client_0nvl.jm._.js:14525
[ 4967734ms] [ERROR] WebSocket connection to 'ws://localhost:3000/_next/hmr?id=IK29bWGFh_gQR__LexWc_' failed: Error in connection establishment: net::ERR_CONNECTION_REFUSED @ http://localhost:3000/_next/static/chunks/0kit_next_dist_client_0nvl.jm._.js:14525
[ 4971873ms] [ERROR] WebSocket connection to 'ws://localhost:3000/_next/hmr?id=IK29bWGFh_gQR__LexWc_' failed: Error in connection establishment: net::ERR_CONNECTION_REFUSED @ http://localhost:3000/_next/static/chunks/0kit_next_dist_client_0nvl.jm._.js:14525
[ 4979324ms] [ERROR] WebSocket connection to 'ws://localhost:3000/_next/hmr?id=IK29bWGFh_gQR__LexWc_' failed: Error in connection establishment: net::ERR_CONNECTION_REFUSED @ http://localhost:3000/_next/static/chunks/0kit_next_dist_client_0nvl.jm._.js:14525
[ 4986811ms] [ERROR] WebSocket connection to 'ws://localhost:3000/_next/hmr?id=IK29bWGFh_gQR__LexWc_' failed: Error in connection establishment: net::ERR_CONNECTION_REFUSED @ http://localhost:3000/_next/static/chunks/0kit_next_dist_client_0nvl.jm._.js:14525
[ 4994353ms] [ERROR] WebSocket connection to 'ws://localhost:3000/_next/hmr?id=IK29bWGFh_gQR__LexWc_' failed: Error in connection establishment: net::ERR_CONNECTION_REFUSED @ http://localhost:3000/_next/static/chunks/0kit_next_dist_client_0nvl.jm._.js:14525
[ 5002586ms] [ERROR] WebSocket connection to 'ws://localhost:3000/_next/hmr?id=IK29bWGFh_gQR__LexWc_' failed: Error in connection establishment: net::ERR_CONNECTION_REFUSED @ http://localhost:3000/_next/static/chunks/0kit_next_dist_client_0nvl.jm._.js:14525
[ 5011351ms] [ERROR] WebSocket connection to 'ws://localhost:3000/_next/hmr?id=IK29bWGFh_gQR__LexWc_' failed: Error in connection establishment: net::ERR_CONNECTION_REFUSED @ http://localhost:3000/_next/static/chunks/0kit_next_dist_client_0nvl.jm._.js:14525
[ 5019994ms] [ERROR] WebSocket connection to 'ws://localhost:3000/_next/hmr?id=IK29bWGFh_gQR__LexWc_' failed: Error in connection establishment: net::ERR_CONNECTION_REFUSED @ http://localhost:3000/_next/static/chunks/0kit_next_dist_client_0nvl.jm._.js:14525
[ 5034068ms] [ERROR] WebSocket connection to 'ws://localhost:3000/_next/hmr?id=IK29bWGFh_gQR__LexWc_' failed: Error in connection establishment: net::ERR_CONNECTION_REFUSED @ http://localhost:3000/_next/static/chunks/0kit_next_dist_client_0nvl.jm._.js:14525
[ 5041221ms] [ERROR] Manifest: Line: 1, column: 1, Syntax error. @ http://localhost:3000/manifest.webmanifest:0
[ 5048780ms] [ERROR] WebSocket connection to 'ws://localhost:3000/_next/hmr?id=IK29bWGFh_gQR__LexWc_' failed: Error in connection establishment: net::ERR_CONNECTION_REFUSED @ http://localhost:3000/_next/static/chunks/0kit_next_dist_client_0nvl.jm._.js:14525
[ 5053068ms] [ERROR] Manifest: Line: 1, column: 1, Syntax error. @ http://localhost:3000/manifest.webmanifest:0
[ 5056121ms] [ERROR] WebSocket connection to 'ws://localhost:3000/_next/hmr?id=IK29bWGFh_gQR__LexWc_' failed: Error in connection establishment: net::ERR_CONNECTION_REFUSED @ http://localhost:3000/_next/static/chunks/0kit_next_dist_client_0nvl.jm._.js:14525
[ 5063994ms] [ERROR] WebSocket connection to 'ws://localhost:3000/_next/hmr?id=IK29bWGFh_gQR__LexWc_' failed: Error in connection establishment: net::ERR_CONNECTION_REFUSED @ http://localhost:3000/_next/static/chunks/0kit_next_dist_client_0nvl.jm._.js:14525
[ 5071440ms] [ERROR] WebSocket connection to 'ws://localhost:3000/_next/hmr?id=IK29bWGFh_gQR__LexWc_' failed: Error in connection establishment: net::ERR_CONNECTION_REFUSED @ http://localhost:3000/_next/static/chunks/0kit_next_dist_client_0nvl.jm._.js:14525
[ 5079612ms] [ERROR] WebSocket connection to 'ws://localhost:3000/_next/hmr?id=IK29bWGFh_gQR__LexWc_' failed: Error in connection establishment: net::ERR_CONNECTION_REFUSED @ http://localhost:3000/_next/static/chunks/0kit_next_dist_client_0nvl.jm._.js:14525
[ 5085099ms] [ERROR] WebSocket connection to 'ws://localhost:3000/_next/hmr?id=IK29bWGFh_gQR__LexWc_' failed: Error in connection establishment: net::ERR_CONNECTION_REFUSED @ http://localhost:3000/_next/static/chunks/0kit_next_dist_client_0nvl.jm._.js:14525
[ 5096862ms] [ERROR] WebSocket connection to 'ws://localhost:3000/_next/hmr?id=IK29bWGFh_gQR__LexWc_' failed: Error in connection establishment: net::ERR_CONNECTION_REFUSED @ http://localhost:3000/_next/static/chunks/0kit_next_dist_client_0nvl.jm._.js:14525
[ 5109122ms] [ERROR] WebSocket connection to 'ws://localhost:3000/_next/hmr?id=IK29bWGFh_gQR__LexWc_' failed: Error in connection establishment: net::ERR_CONNECTION_REFUSED @ http://localhost:3000/_next/static/chunks/0kit_next_dist_client_0nvl.jm._.js:14525
[ 5117835ms] [ERROR] WebSocket connection to 'ws://localhost:3000/_next/hmr?id=IK29bWGFh_gQR__LexWc_' failed: Error in connection establishment: net::ERR_CONNECTION_REFUSED @ http://localhost:3000/_next/static/chunks/0kit_next_dist_client_0nvl.jm._.js:14525
[ 5128326ms] [ERROR] WebSocket connection to 'ws://localhost:3000/_next/hmr?id=IK29bWGFh_gQR__LexWc_' failed: Error in connection establishment: net::ERR_CONNECTION_REFUSED @ http://localhost:3000/_next/static/chunks/0kit_next_dist_client_0nvl.jm._.js:14525
[ 5140679ms] [ERROR] WebSocket connection to 'ws://localhost:3000/_next/hmr?id=IK29bWGFh_gQR__LexWc_' failed: Error in connection establishment: net::ERR_CONNECTION_REFUSED @ http://localhost:3000/_next/static/chunks/0kit_next_dist_client_0nvl.jm._.js:14525
[ 5149067ms] [ERROR] WebSocket connection to 'ws://localhost:3000/_next/hmr?id=IK29bWGFh_gQR__LexWc_' failed: Error in connection establishment: net::ERR_CONNECTION_REFUSED @ http://localhost:3000/_next/static/chunks/0kit_next_dist_client_0nvl.jm._.js:14525
[ 5156434ms] [ERROR] WebSocket connection to 'ws://localhost:3000/_next/hmr?id=IK29bWGFh_gQR__LexWc_' failed: Error in connection establishment: net::ERR_CONNECTION_REFUSED @ http://localhost:3000/_next/static/chunks/0kit_next_dist_client_0nvl.jm._.js:14525
[ 5161431ms] [ERROR] Manifest: Line: 1, column: 1, Syntax error. @ http://localhost:3000/manifest.webmanifest:0
[ 5170710ms] [ERROR] WebSocket connection to 'ws://localhost:3000/_next/hmr?id=IK29bWGFh_gQR__LexWc_' failed: Error in connection establishment: net::ERR_CONNECTION_REFUSED @ http://localhost:3000/_next/static/chunks/0kit_next_dist_client_0nvl.jm._.js:14525
[ 5174093ms] [ERROR] WebSocket connection to 'ws://localhost:3000/_next/hmr?id=IK29bWGFh_gQR__LexWc_' failed: Error in connection establishment: net::ERR_CONNECTION_REFUSED @ http://localhost:3000/_next/static/chunks/0kit_next_dist_client_0nvl.jm._.js:14525
[ 5177468ms] [ERROR] WebSocket connection to 'ws://localhost:3000/_next/hmr?id=IK29bWGFh_gQR__LexWc_' failed: Error in connection establishment: net::ERR_CONNECTION_REFUSED @ http://localhost:3000/_next/static/chunks/0kit_next_dist_client_0nvl.jm._.js:14525
[ 5180849ms] [ERROR] WebSocket connection to 'ws://localhost:3000/_next/hmr?id=IK29bWGFh_gQR__LexWc_' failed: Error in connection establishment: net::ERR_CONNECTION_REFUSED @ http://localhost:3000/_next/static/chunks/0kit_next_dist_client_0nvl.jm._.js:14525
[ 5184975ms] [ERROR] WebSocket connection to 'ws://localhost:3000/_next/hmr?id=IK29bWGFh_gQR__LexWc_' failed: Error in connection establishment: net::ERR_CONNECTION_REFUSED @ http://localhost:3000/_next/static/chunks/0kit_next_dist_client_0nvl.jm._.js:14525
[ 5187401ms] [ERROR] Manifest: Line: 1, column: 1, Syntax error. @ http://localhost:3000/manifest.webmanifest:0
[ 5189093ms] [ERROR] WebSocket connection to 'ws://localhost:3000/_next/hmr?id=IK29bWGFh_gQR__LexWc_' failed: Error in connection establishment: net::ERR_CONNECTION_REFUSED @ http://localhost:3000/_next/static/chunks/0kit_next_dist_client_0nvl.jm._.js:14525
[ 5196613ms] [ERROR] WebSocket connection to 'ws://localhost:3000/_next/hmr?id=IK29bWGFh_gQR__LexWc_' failed: Error in connection establishment: net::ERR_CONNECTION_REFUSED @ http://localhost:3000/_next/static/chunks/0kit_next_dist_client_0nvl.jm._.js:14525
[ 5204141ms] [ERROR] WebSocket connection to 'ws://localhost:3000/_next/hmr?id=IK29bWGFh_gQR__LexWc_' failed: Error in connection establishment: net::ERR_CONNECTION_REFUSED @ http://localhost:3000/_next/static/chunks/0kit_next_dist_client_0nvl.jm._.js:14525
[ 5211543ms] [ERROR] WebSocket connection to 'ws://localhost:3000/_next/hmr?id=IK29bWGFh_gQR__LexWc_' failed: Error in connection establishment: net::ERR_CONNECTION_REFUSED @ http://localhost:3000/_next/static/chunks/0kit_next_dist_client_0nvl.jm._.js:14525
[ 5218925ms] [ERROR] WebSocket connection to 'ws://localhost:3000/_next/hmr?id=IK29bWGFh_gQR__LexWc_' failed: Error in connection establishment: net::ERR_CONNECTION_REFUSED @ http://localhost:3000/_next/static/chunks/0kit_next_dist_client_0nvl.jm._.js:14525
[ 5226390ms] [ERROR] WebSocket connection to 'ws://localhost:3000/_next/hmr?id=IK29bWGFh_gQR__LexWc_' failed: Error in connection establishment: net::ERR_CONNECTION_REFUSED @ http://localhost:3000/_next/static/chunks/0kit_next_dist_client_0nvl.jm._.js:14525
[ 5233858ms] [ERROR] WebSocket connection to 'ws://localhost:3000/_next/hmr?id=IK29bWGFh_gQR__LexWc_' failed: Error in connection establishment: net::ERR_CONNECTION_REFUSED @ http://localhost:3000/_next/static/chunks/0kit_next_dist_client_0nvl.jm._.js:14525
[ 5241560ms] [ERROR] WebSocket connection to 'ws://localhost:3000/_next/hmr?id=IK29bWGFh_gQR__LexWc_' failed: Error in connection establishment: net::ERR_CONNECTION_REFUSED @ http://localhost:3000/_next/static/chunks/0kit_next_dist_client_0nvl.jm._.js:14525
[ 5246574ms] [ERROR] Manifest: Line: 1, column: 1, Syntax error. @ http://localhost:3000/manifest.webmanifest:0
[ 5254100ms] [ERROR] WebSocket connection to 'ws://localhost:3000/_next/hmr?id=IK29bWGFh_gQR__LexWc_' failed: Error in connection establishment: net::ERR_CONNECTION_REFUSED @ http://localhost:3000/_next/static/chunks/0kit_next_dist_client_0nvl.jm._.js:14525
[ 5258314ms] [ERROR] WebSocket connection to 'ws://localhost:3000/_next/hmr?id=IK29bWGFh_gQR__LexWc_' failed: Error in connection establishment: net::ERR_CONNECTION_REFUSED @ http://localhost:3000/_next/static/chunks/0kit_next_dist_client_0nvl.jm._.js:14525
[ 5261165ms] [ERROR] Manifest: Line: 1, column: 1, Syntax error. @ http://localhost:3000/manifest.webmanifest:0
[ 5263134ms] [ERROR] WebSocket connection to 'ws://localhost:3000/_next/hmr?id=IK29bWGFh_gQR__LexWc_' failed: Error in connection establishment: net::ERR_CONNECTION_REFUSED @ http://localhost:3000/_next/static/chunks/0kit_next_dist_client_0nvl.jm._.js:14525
[ 5271286ms] [ERROR] WebSocket connection to 'ws://localhost:3000/_next/hmr?id=IK29bWGFh_gQR__LexWc_' failed: Error in connection establishment: net::ERR_CONNECTION_REFUSED @ http://localhost:3000/_next/static/chunks/0kit_next_dist_client_0nvl.jm._.js:14525
[ 5278740ms] [ERROR] WebSocket connection to 'ws://localhost:3000/_next/hmr?id=IK29bWGFh_gQR__LexWc_' failed: Error in connection establishment: net::ERR_CONNECTION_REFUSED @ http://localhost:3000/_next/static/chunks/0kit_next_dist_client_0nvl.jm._.js:14525
[ 5286198ms] [ERROR] WebSocket connection to 'ws://localhost:3000/_next/hmr?id=IK29bWGFh_gQR__LexWc_' failed: Error in connection establishment: net::ERR_CONNECTION_REFUSED @ http://localhost:3000/_next/static/chunks/0kit_next_dist_client_0nvl.jm._.js:14525
[ 5295472ms] [ERROR] WebSocket connection to 'ws://localhost:3000/_next/hmr?id=IK29bWGFh_gQR__LexWc_' failed: Error in connection establishment: net::ERR_CONNECTION_REFUSED @ http://localhost:3000/_next/static/chunks/0kit_next_dist_client_0nvl.jm._.js:14525
[ 5305271ms] [ERROR] WebSocket connection to 'ws://localhost:3000/_next/hmr?id=IK29bWGFh_gQR__LexWc_' failed: Error in connection establishment: net::ERR_CONNECTION_REFUSED @ http://localhost:3000/_next/static/chunks/0kit_next_dist_client_0nvl.jm._.js:14525
[ 5316747ms] [ERROR] WebSocket connection to 'ws://localhost:3000/_next/hmr?id=IK29bWGFh_gQR__LexWc_' failed: Error in connection establishment: net::ERR_CONNECTION_REFUSED @ http://localhost:3000/_next/static/chunks/0kit_next_dist_client_0nvl.jm._.js:14525
[ 5327758ms] [ERROR] WebSocket connection to 'ws://localhost:3000/_next/hmr?id=IK29bWGFh_gQR__LexWc_' failed: Error in connection establishment: net::ERR_CONNECTION_REFUSED @ http://localhost:3000/_next/static/chunks/0kit_next_dist_client_0nvl.jm._.js:14525
[ 5336968ms] [ERROR] WebSocket connection to 'ws://localhost:3000/_next/hmr?id=IK29bWGFh_gQR__LexWc_' failed: Error in connection establishment: net::ERR_CONNECTION_REFUSED @ http://localhost:3000/_next/static/chunks/0kit_next_dist_client_0nvl.jm._.js:14525
[ 5348660ms] [ERROR] WebSocket connection to 'ws://localhost:3000/_next/hmr?id=IK29bWGFh_gQR__LexWc_' failed: Error in connection establishment: net::ERR_CONNECTION_REFUSED @ http://localhost:3000/_next/static/chunks/0kit_next_dist_client_0nvl.jm._.js:14525
[ 5358008ms] [ERROR] WebSocket connection to 'ws://localhost:3000/_next/hmr?id=IK29bWGFh_gQR__LexWc_' failed: Error in connection establishment: net::ERR_CONNECTION_REFUSED @ http://localhost:3000/_next/static/chunks/0kit_next_dist_client_0nvl.jm._.js:14525
[ 5360658ms] [ERROR] Manifest: Line: 1, column: 1, Syntax error. @ http://localhost:3000/manifest.webmanifest:0
[ 5374720ms] [ERROR] WebSocket connection to 'ws://localhost:3000/_next/hmr?id=IK29bWGFh_gQR__LexWc_' failed: Error in connection establishment: net::ERR_CONNECTION_REFUSED @ http://localhost:3000/_next/static/chunks/0kit_next_dist_client_0nvl.jm._.js:14525
[ 5379577ms] [ERROR] Manifest: Line: 1, column: 1, Syntax error. @ http://localhost:3000/manifest.webmanifest:0
[ 5381428ms] [ERROR] WebSocket connection to 'ws://localhost:3000/_next/hmr?id=IK29bWGFh_gQR__LexWc_' failed: Error in connection establishment: net::ERR_CONNECTION_REFUSED @ http://localhost:3000/_next/static/chunks/0kit_next_dist_client_0nvl.jm._.js:14525
[ 5389361ms] [ERROR] WebSocket connection to 'ws://localhost:3000/_next/hmr?id=IK29bWGFh_gQR__LexWc_' failed: Error in connection establishment: net::ERR_CONNECTION_REFUSED @ http://localhost:3000/_next/static/chunks/0kit_next_dist_client_0nvl.jm._.js:14525
[ 5395223ms] [ERROR] WebSocket connection to 'ws://localhost:3000/_next/hmr?id=IK29bWGFh_gQR__LexWc_' failed: Error in connection establishment: net::ERR_CONNECTION_REFUSED @ http://localhost:3000/_next/static/chunks/0kit_next_dist_client_0nvl.jm._.js:14525
[ 5399364ms] [ERROR] WebSocket connection to 'ws://localhost:3000/_next/hmr?id=IK29bWGFh_gQR__LexWc_' failed: Error in connection establishment: net::ERR_CONNECTION_REFUSED @ http://localhost:3000/_next/static/chunks/0kit_next_dist_client_0nvl.jm._.js:14525
[ 5403774ms] [ERROR] WebSocket connection to 'ws://localhost:3000/_next/hmr?id=IK29bWGFh_gQR__LexWc_' failed: Error in connection establishment: net::ERR_CONNECTION_REFUSED @ http://localhost:3000/_next/static/chunks/0kit_next_dist_client_0nvl.jm._.js:14525
[ 5412470ms] [ERROR] WebSocket connection to 'ws://localhost:3000/_next/hmr?id=IK29bWGFh_gQR__LexWc_' failed: Error in connection establishment: net::ERR_CONNECTION_REFUSED @ http://localhost:3000/_next/static/chunks/0kit_next_dist_client_0nvl.jm._.js:14525
[ 5423711ms] [ERROR] WebSocket connection to 'ws://localhost:3000/_next/hmr?id=IK29bWGFh_gQR__LexWc_' failed: Error in connection establishment: net::ERR_CONNECTION_REFUSED @ http://localhost:3000/_next/static/chunks/0kit_next_dist_client_0nvl.jm._.js:14525
[ 5435058ms] [ERROR] WebSocket connection to 'ws://localhost:3000/_next/hmr?id=IK29bWGFh_gQR__LexWc_' failed: Error in connection establishment: net::ERR_CONNECTION_REFUSED @ http://localhost:3000/_next/static/chunks/0kit_next_dist_client_0nvl.jm._.js:14525
[ 5447340ms] [ERROR] WebSocket connection to 'ws://localhost:3000/_next/hmr?id=IK29bWGFh_gQR__LexWc_' failed: Error in connection establishment: net::ERR_CONNECTION_REFUSED @ http://localhost:3000/_next/static/chunks/0kit_next_dist_client_0nvl.jm._.js:14525
[ 5456965ms] [ERROR] WebSocket connection to 'ws://localhost:3000/_next/hmr?id=IK29bWGFh_gQR__LexWc_' failed: Error in connection establishment: net::ERR_CONNECTION_REFUSED @ http://localhost:3000/_next/static/chunks/0kit_next_dist_client_0nvl.jm._.js:14525
[ 5466360ms] [ERROR] WebSocket connection to 'ws://localhost:3000/_next/hmr?id=IK29bWGFh_gQR__LexWc_' failed: Error in connection establishment: net::ERR_CONNECTION_REFUSED @ http://localhost:3000/_next/static/chunks/0kit_next_dist_client_0nvl.jm._.js:14525
[ 5476851ms] [ERROR] WebSocket connection to 'ws://localhost:3000/_next/hmr?id=IK29bWGFh_gQR__LexWc_' failed: Error in connection establishment: net::ERR_CONNECTION_REFUSED @ http://localhost:3000/_next/static/chunks/0kit_next_dist_client_0nvl.jm._.js:14525
[ 5481051ms] [ERROR] Manifest: Line: 1, column: 1, Syntax error. @ http://localhost:3000/manifest.webmanifest:0
[ 5497226ms] [ERROR] WebSocket connection to 'ws://localhost:3000/_next/hmr?id=IK29bWGFh_gQR__LexWc_' failed: Error in connection establishment: net::ERR_CONNECTION_REFUSED @ http://localhost:3000/_next/static/chunks/0kit_next_dist_client_0nvl.jm._.js:14525
[ 5497384ms] [ERROR] Manifest: Line: 1, column: 1, Syntax error. @ http://localhost:3000/manifest.webmanifest:0
[ 5504718ms] [ERROR] WebSocket connection to 'ws://localhost:3000/_next/hmr?id=IK29bWGFh_gQR__LexWc_' failed: Error in connection establishment: net::ERR_CONNECTION_REFUSED @ http://localhost:3000/_next/static/chunks/0kit_next_dist_client_0nvl.jm._.js:14525
[ 5512383ms] [ERROR] WebSocket connection to 'ws://localhost:3000/_next/hmr?id=IK29bWGFh_gQR__LexWc_' failed: Error in connection establishment: net::ERR_CONNECTION_REFUSED @ http://localhost:3000/_next/static/chunks/0kit_next_dist_client_0nvl.jm._.js:14525
[ 5517472ms] [ERROR] WebSocket connection to 'ws://localhost:3000/_next/hmr?id=IK29bWGFh_gQR__LexWc_' failed: Error in connection establishment: net::ERR_CONNECTION_REFUSED @ http://localhost:3000/_next/static/chunks/0kit_next_dist_client_0nvl.jm._.js:14525
[ 5521575ms] [ERROR] WebSocket connection to 'ws://localhost:3000/_next/hmr?id=IK29bWGFh_gQR__LexWc_' failed: Error in connection establishment: net::ERR_CONNECTION_REFUSED @ http://localhost:3000/_next/static/chunks/0kit_next_dist_client_0nvl.jm._.js:14525
[ 5526686ms] [ERROR] WebSocket connection to 'ws://localhost:3000/_next/hmr?id=IK29bWGFh_gQR__LexWc_' failed: Error in connection establishment: net::ERR_CONNECTION_REFUSED @ http://localhost:3000/_next/static/chunks/0kit_next_dist_client_0nvl.jm._.js:14525
[ 5536772ms] [ERROR] WebSocket connection to 'ws://localhost:3000/_next/hmr?id=IK29bWGFh_gQR__LexWc_' failed: Error in connection establishment: net::ERR_CONNECTION_REFUSED @ http://localhost:3000/_next/static/chunks/0kit_next_dist_client_0nvl.jm._.js:14525
[ 5549030ms] [ERROR] WebSocket connection to 'ws://localhost:3000/_next/hmr?id=IK29bWGFh_gQR__LexWc_' failed: Error in connection establishment: net::ERR_CONNECTION_REFUSED @ http://localhost:3000/_next/static/chunks/0kit_next_dist_client_0nvl.jm._.js:14525
[ 5559476ms] [ERROR] WebSocket connection to 'ws://localhost:3000/_next/hmr?id=IK29bWGFh_gQR__LexWc_' failed: Error in connection establishment: net::ERR_CONNECTION_REFUSED @ http://localhost:3000/_next/static/chunks/0kit_next_dist_client_0nvl.jm._.js:14525
[ 5571234ms] [ERROR] WebSocket connection to 'ws://localhost:3000/_next/hmr?id=IK29bWGFh_gQR__LexWc_' failed: Error in connection establishment: net::ERR_CONNECTION_REFUSED @ http://localhost:3000/_next/static/chunks/0kit_next_dist_client_0nvl.jm._.js:14525
[ 5582713ms] [ERROR] WebSocket connection to 'ws://localhost:3000/_next/hmr?id=IK29bWGFh_gQR__LexWc_' failed: Error in connection establishment: net::ERR_CONNECTION_REFUSED @ http://localhost:3000/_next/static/chunks/0kit_next_dist_client_0nvl.jm._.js:14525
[ 5594725ms] [ERROR] WebSocket connection to 'ws://localhost:3000/_next/hmr?id=IK29bWGFh_gQR__LexWc_' failed: Error in connection establishment: net::ERR_CONNECTION_REFUSED @ http://localhost:3000/_next/static/chunks/0kit_next_dist_client_0nvl.jm._.js:14525
[ 5604509ms] [ERROR] WebSocket connection to 'ws://localhost:3000/_next/hmr?id=IK29bWGFh_gQR__LexWc_' failed: Error in connection establishment: net::ERR_CONNECTION_REFUSED @ http://localhost:3000/_next/static/chunks/0kit_next_dist_client_0nvl.jm._.js:14525
[ 5609246ms] [ERROR] Manifest: Line: 1, column: 1, Syntax error. @ http://localhost:3000/manifest.webmanifest:0
[ 5617896ms] [ERROR] WebSocket connection to 'ws://localhost:3000/_next/hmr?id=IK29bWGFh_gQR__LexWc_' failed: Error in connection establishment: net::ERR_CONNECTION_REFUSED @ http://localhost:3000/_next/static/chunks/0kit_next_dist_client_0nvl.jm._.js:14525
[ 5623133ms] [ERROR] WebSocket connection to 'ws://localhost:3000/_next/hmr?id=IK29bWGFh_gQR__LexWc_' failed: Error in connection establishment: net::ERR_CONNECTION_REFUSED @ http://localhost:3000/_next/static/chunks/0kit_next_dist_client_0nvl.jm._.js:14525
[ 5623198ms] [ERROR] Manifest: Line: 1, column: 1, Syntax error. @ http://localhost:3000/manifest.webmanifest:0
[ 5629322ms] [ERROR] WebSocket connection to 'ws://localhost:3000/_next/hmr?id=IK29bWGFh_gQR__LexWc_' failed: Error in connection establishment: net::ERR_CONNECTION_REFUSED @ http://localhost:3000/_next/static/chunks/0kit_next_dist_client_0nvl.jm._.js:14525
[ 5635948ms] [ERROR] WebSocket connection to 'ws://localhost:3000/_next/hmr?id=IK29bWGFh_gQR__LexWc_' failed: Error in connection establishment: net::ERR_CONNECTION_REFUSED @ http://localhost:3000/_next/static/chunks/0kit_next_dist_client_0nvl.jm._.js:14525
[ 5640976ms] [ERROR] WebSocket connection to 'ws://localhost:3000/_next/hmr?id=IK29bWGFh_gQR__LexWc_' failed: Error in connection establishment: net::ERR_CONNECTION_REFUSED @ http://localhost:3000/_next/static/chunks/0kit_next_dist_client_0nvl.jm._.js:14525
[ 5645648ms] [ERROR] WebSocket connection to 'ws://localhost:3000/_next/hmr?id=IK29bWGFh_gQR__LexWc_' failed: Error in connection establishment: net::ERR_CONNECTION_REFUSED @ http://localhost:3000/_next/static/chunks/0kit_next_dist_client_0nvl.jm._.js:14525
[ 5657500ms] [ERROR] WebSocket connection to 'ws://localhost:3000/_next/hmr?id=IK29bWGFh_gQR__LexWc_' failed: Error in connection establishment: net::ERR_CONNECTION_REFUSED @ http://localhost:3000/_next/static/chunks/0kit_next_dist_client_0nvl.jm._.js:14525
[ 5667773ms] [ERROR] WebSocket connection to 'ws://localhost:3000/_next/hmr?id=IK29bWGFh_gQR__LexWc_' failed: Error in connection establishment: net::ERR_CONNECTION_REFUSED @ http://localhost:3000/_next/static/chunks/0kit_next_dist_client_0nvl.jm._.js:14525
[ 5680146ms] [ERROR] WebSocket connection to 'ws://localhost:3000/_next/hmr?id=IK29bWGFh_gQR__LexWc_' failed: Error in connection establishment: net::ERR_CONNECTION_REFUSED @ http://localhost:3000/_next/static/chunks/0kit_next_dist_client_0nvl.jm._.js:14525
[ 5689310ms] [ERROR] WebSocket connection to 'ws://localhost:3000/_next/hmr?id=IK29bWGFh_gQR__LexWc_' failed: Error in connection establishment: net::ERR_CONNECTION_REFUSED @ http://localhost:3000/_next/static/chunks/0kit_next_dist_client_0nvl.jm._.js:14525
[ 5698781ms] [ERROR] WebSocket connection to 'ws://localhost:3000/_next/hmr?id=IK29bWGFh_gQR__LexWc_' failed: Error in connection establishment: net::ERR_CONNECTION_REFUSED @ http://localhost:3000/_next/static/chunks/0kit_next_dist_client_0nvl.jm._.js:14525
[ 5709698ms] [ERROR] WebSocket connection to 'ws://localhost:3000/_next/hmr?id=IK29bWGFh_gQR__LexWc_' failed: Error in connection establishment: net::ERR_CONNECTION_REFUSED @ http://localhost:3000/_next/static/chunks/0kit_next_dist_client_0nvl.jm._.js:14525
[ 5718381ms] [ERROR] WebSocket connection to 'ws://localhost:3000/_next/hmr?id=IK29bWGFh_gQR__LexWc_' failed: Error in connection establishment: net::ERR_CONNECTION_REFUSED @ http://localhost:3000/_next/static/chunks/0kit_next_dist_client_0nvl.jm._.js:14525
[ 5723345ms] [ERROR] Manifest: Line: 1, column: 1, Syntax error. @ http://localhost:3000/manifest.webmanifest:0
[ 5734564ms] [ERROR] WebSocket connection to 'ws://localhost:3000/_next/hmr?id=IK29bWGFh_gQR__LexWc_' failed: Error in connection establishment: net::ERR_CONNECTION_REFUSED @ http://localhost:3000/_next/static/chunks/0kit_next_dist_client_0nvl.jm._.js:14525
[ 5737286ms] [ERROR] Manifest: Line: 1, column: 1, Syntax error. @ http://localhost:3000/manifest.webmanifest:0
[ 5741280ms] [ERROR] WebSocket connection to 'ws://localhost:3000/_next/hmr?id=IK29bWGFh_gQR__LexWc_' failed: Error in connection establishment: net::ERR_CONNECTION_REFUSED @ http://localhost:3000/_next/static/chunks/0kit_next_dist_client_0nvl.jm._.js:14525
[ 5746676ms] [ERROR] WebSocket connection to 'ws://localhost:3000/_next/hmr?id=IK29bWGFh_gQR__LexWc_' failed: Error in connection establishment: net::ERR_CONNECTION_REFUSED @ http://localhost:3000/_next/static/chunks/0kit_next_dist_client_0nvl.jm._.js:14525
[ 5752566ms] [ERROR] WebSocket connection to 'ws://localhost:3000/_next/hmr?id=IK29bWGFh_gQR__LexWc_' failed: Error in connection establishment: net::ERR_CONNECTION_REFUSED @ http://localhost:3000/_next/static/chunks/0kit_next_dist_client_0nvl.jm._.js:14525
[ 5759585ms] [ERROR] WebSocket connection to 'ws://localhost:3000/_next/hmr?id=IK29bWGFh_gQR__LexWc_' failed: Error in connection establishment: net::ERR_CONNECTION_REFUSED @ http://localhost:3000/_next/static/chunks/0kit_next_dist_client_0nvl.jm._.js:14525
[ 5764479ms] [ERROR] WebSocket connection to 'ws://localhost:3000/_next/hmr?id=IK29bWGFh_gQR__LexWc_' failed: Error in connection establishment: net::ERR_CONNECTION_REFUSED @ http://localhost:3000/_next/static/chunks/0kit_next_dist_client_0nvl.jm._.js:14525
[ 5773662ms] [ERROR] WebSocket connection to 'ws://localhost:3000/_next/hmr?id=IK29bWGFh_gQR__LexWc_' failed: Error in connection establishment: net::ERR_CONNECTION_REFUSED @ http://localhost:3000/_next/static/chunks/0kit_next_dist_client_0nvl.jm._.js:14525
[ 5784907ms] [ERROR] WebSocket connection to 'ws://localhost:3000/_next/hmr?id=IK29bWGFh_gQR__LexWc_' failed: Error in connection establishment: net::ERR_CONNECTION_REFUSED @ http://localhost:3000/_next/static/chunks/0kit_next_dist_client_0nvl.jm._.js:14525
[ 5796647ms] [ERROR] WebSocket connection to 'ws://localhost:3000/_next/hmr?id=IK29bWGFh_gQR__LexWc_' failed: Error in connection establishment: net::ERR_CONNECTION_REFUSED @ http://localhost:3000/_next/static/chunks/0kit_next_dist_client_0nvl.jm._.js:14525
[ 5807569ms] [ERROR] WebSocket connection to 'ws://localhost:3000/_next/hmr?id=IK29bWGFh_gQR__LexWc_' failed: Error in connection establishment: net::ERR_CONNECTION_REFUSED @ http://localhost:3000/_next/static/chunks/0kit_next_dist_client_0nvl.jm._.js:14525
[ 5817538ms] [ERROR] WebSocket connection to 'ws://localhost:3000/_next/hmr?id=IK29bWGFh_gQR__LexWc_' failed: Error in connection establishment: net::ERR_CONNECTION_REFUSED @ http://localhost:3000/_next/static/chunks/0kit_next_dist_client_0nvl.jm._.js:14525
[ 5827012ms] [ERROR] WebSocket connection to 'ws://localhost:3000/_next/hmr?id=IK29bWGFh_gQR__LexWc_' failed: Error in connection establishment: net::ERR_CONNECTION_REFUSED @ http://localhost:3000/_next/static/chunks/0kit_next_dist_client_0nvl.jm._.js:14525
[ 5835743ms] [ERROR] WebSocket connection to 'ws://localhost:3000/_next/hmr?id=IK29bWGFh_gQR__LexWc_' failed: Error in connection establishment: net::ERR_CONNECTION_REFUSED @ http://localhost:3000/_next/static/chunks/0kit_next_dist_client_0nvl.jm._.js:14525
[ 5840729ms] [ERROR] Manifest: Line: 1, column: 1, Syntax error. @ http://localhost:3000/manifest.webmanifest:0
[ 5849396ms] [ERROR] WebSocket connection to 'ws://localhost:3000/_next/hmr?id=IK29bWGFh_gQR__LexWc_' failed: Error in connection establishment: net::ERR_CONNECTION_REFUSED @ http://localhost:3000/_next/static/chunks/0kit_next_dist_client_0nvl.jm._.js:14525
[ 5854636ms] [ERROR] Manifest: Line: 1, column: 1, Syntax error. @ http://localhost:3000/manifest.webmanifest:0
[ 5855995ms] [ERROR] WebSocket connection to 'ws://localhost:3000/_next/hmr?id=IK29bWGFh_gQR__LexWc_' failed: Error in connection establishment: net::ERR_CONNECTION_REFUSED @ http://localhost:3000/_next/static/chunks/0kit_next_dist_client_0nvl.jm._.js:14525
[ 5862771ms] [ERROR] WebSocket connection to 'ws://localhost:3000/_next/hmr?id=IK29bWGFh_gQR__LexWc_' failed: Error in connection establishment: net::ERR_CONNECTION_REFUSED @ http://localhost:3000/_next/static/chunks/0kit_next_dist_client_0nvl.jm._.js:14525
[ 5869961ms] [ERROR] WebSocket connection to 'ws://localhost:3000/_next/hmr?id=IK29bWGFh_gQR__LexWc_' failed: Error in connection establishment: net::ERR_CONNECTION_REFUSED @ http://localhost:3000/_next/static/chunks/0kit_next_dist_client_0nvl.jm._.js:14525
[ 5876897ms] [ERROR] WebSocket connection to 'ws://localhost:3000/_next/hmr?id=IK29bWGFh_gQR__LexWc_' failed: Error in connection establishment: net::ERR_CONNECTION_REFUSED @ http://localhost:3000/_next/static/chunks/0kit_next_dist_client_0nvl.jm._.js:14525
[ 5881203ms] [ERROR] WebSocket connection to 'ws://localhost:3000/_next/hmr?id=IK29bWGFh_gQR__LexWc_' failed: Error in connection establishment: net::ERR_CONNECTION_REFUSED @ http://localhost:3000/_next/static/chunks/0kit_next_dist_client_0nvl.jm._.js:14525
[ 5892063ms] [ERROR] WebSocket connection to 'ws://localhost:3000/_next/hmr?id=IK29bWGFh_gQR__LexWc_' failed: Error in connection establishment: net::ERR_CONNECTION_REFUSED @ http://localhost:3000/_next/static/chunks/0kit_next_dist_client_0nvl.jm._.js:14525
[ 5901300ms] [ERROR] WebSocket connection to 'ws://localhost:3000/_next/hmr?id=IK29bWGFh_gQR__LexWc_' failed: Error in connection establishment: net::ERR_CONNECTION_REFUSED @ http://localhost:3000/_next/static/chunks/0kit_next_dist_client_0nvl.jm._.js:14525
[ 5914345ms] [ERROR] WebSocket connection to 'ws://localhost:3000/_next/hmr?id=IK29bWGFh_gQR__LexWc_' failed: Error in connection establishment: net::ERR_CONNECTION_REFUSED @ http://localhost:3000/_next/static/chunks/0kit_next_dist_client_0nvl.jm._.js:14525
[ 5926239ms] [ERROR] WebSocket connection to 'ws://localhost:3000/_next/hmr?id=IK29bWGFh_gQR__LexWc_' failed: Error in connection establishment: net::ERR_CONNECTION_REFUSED @ http://localhost:3000/_next/static/chunks/0kit_next_dist_client_0nvl.jm._.js:14525
[ 5934967ms] [ERROR] WebSocket connection to 'ws://localhost:3000/_next/hmr?id=IK29bWGFh_gQR__LexWc_' failed: Error in connection establishment: net::ERR_CONNECTION_REFUSED @ http://localhost:3000/_next/static/chunks/0kit_next_dist_client_0nvl.jm._.js:14525
[ 5946560ms] [ERROR] WebSocket connection to 'ws://localhost:3000/_next/hmr?id=IK29bWGFh_gQR__LexWc_' failed: Error in connection establishment: net::ERR_CONNECTION_REFUSED @ http://localhost:3000/_next/static/chunks/0kit_next_dist_client_0nvl.jm._.js:14525
[ 5956609ms] [ERROR] WebSocket connection to 'ws://localhost:3000/_next/hmr?id=IK29bWGFh_gQR__LexWc_' failed: Error in connection establishment: net::ERR_CONNECTION_REFUSED @ http://localhost:3000/_next/static/chunks/0kit_next_dist_client_0nvl.jm._.js:14525
[ 5957407ms] [ERROR] Manifest: Line: 1, column: 1, Syntax error. @ http://localhost:3000/manifest.webmanifest:0
[ 5979524ms] [ERROR] WebSocket connection to 'ws://localhost:3000/_next/hmr?id=IK29bWGFh_gQR__LexWc_' failed: Error in connection establishment: net::ERR_CONNECTION_REFUSED @ http://localhost:3000/_next/static/chunks/0kit_next_dist_client_0nvl.jm._.js:14525
[ 5983151ms] [ERROR] Manifest: Line: 1, column: 1, Syntax error. @ http://localhost:3000/manifest.webmanifest:0
[ 5987400ms] [ERROR] WebSocket connection to 'ws://localhost:3000/_next/hmr?id=IK29bWGFh_gQR__LexWc_' failed: Error in connection establishment: net::ERR_CONNECTION_REFUSED @ http://localhost:3000/_next/static/chunks/0kit_next_dist_client_0nvl.jm._.js:14525
[ 5995367ms] [ERROR] WebSocket connection to 'ws://localhost:3000/_next/hmr?id=IK29bWGFh_gQR__LexWc_' failed: Error in connection establishment: net::ERR_CONNECTION_REFUSED @ http://localhost:3000/_next/static/chunks/0kit_next_dist_client_0nvl.jm._.js:14525
[ 5999878ms] [ERROR] WebSocket connection to 'ws://localhost:3000/_next/hmr?id=IK29bWGFh_gQR__LexWc_' failed: Error in connection establishment: net::ERR_CONNECTION_REFUSED @ http://localhost:3000/_next/static/chunks/0kit_next_dist_client_0nvl.jm._.js:14525
[ 6003765ms] [ERROR] WebSocket connection to 'ws://localhost:3000/_next/hmr?id=IK29bWGFh_gQR__LexWc_' failed: Error in connection establishment: net::ERR_CONNECTION_REFUSED @ http://localhost:3000/_next/static/chunks/0kit_next_dist_client_0nvl.jm._.js:14525
[ 6007946ms] [ERROR] WebSocket connection to 'ws://localhost:3000/_next/hmr?id=IK29bWGFh_gQR__LexWc_' failed: Error in connection establishment: net::ERR_CONNECTION_REFUSED @ http://localhost:3000/_next/static/chunks/0kit_next_dist_client_0nvl.jm._.js:14525
[ 6017484ms] [ERROR] WebSocket connection to 'ws://localhost:3000/_next/hmr?id=IK29bWGFh_gQR__LexWc_' failed: Error in connection establishment: net::ERR_CONNECTION_REFUSED @ http://localhost:3000/_next/static/chunks/0kit_next_dist_client_0nvl.jm._.js:14525
[ 6029682ms] [ERROR] WebSocket connection to 'ws://localhost:3000/_next/hmr?id=IK29bWGFh_gQR__LexWc_' failed: Error in connection establishment: net::ERR_CONNECTION_REFUSED @ http://localhost:3000/_next/static/chunks/0kit_next_dist_client_0nvl.jm._.js:14525
[ 6043282ms] [ERROR] WebSocket connection to 'ws://localhost:3000/_next/hmr?id=IK29bWGFh_gQR__LexWc_' failed: Error in connection establishment: net::ERR_CONNECTION_REFUSED @ http://localhost:3000/_next/static/chunks/0kit_next_dist_client_0nvl.jm._.js:14525
[ 6055409ms] [ERROR] WebSocket connection to 'ws://localhost:3000/_next/hmr?id=IK29bWGFh_gQR__LexWc_' failed: Error in connection establishment: net::ERR_CONNECTION_REFUSED @ http://localhost:3000/_next/static/chunks/0kit_next_dist_client_0nvl.jm._.js:14525
[ 6066791ms] [ERROR] WebSocket connection to 'ws://localhost:3000/_next/hmr?id=IK29bWGFh_gQR__LexWc_' failed: Error in connection establishment: net::ERR_CONNECTION_REFUSED @ http://localhost:3000/_next/static/chunks/0kit_next_dist_client_0nvl.jm._.js:14525
[ 6079081ms] [ERROR] WebSocket connection to 'ws://localhost:3000/_next/hmr?id=IK29bWGFh_gQR__LexWc_' failed: Error in connection establishment: net::ERR_CONNECTION_REFUSED @ http://localhost:3000/_next/static/chunks/0kit_next_dist_client_0nvl.jm._.js:14525
[ 6090190ms] [ERROR] WebSocket connection to 'ws://localhost:3000/_next/hmr?id=IK29bWGFh_gQR__LexWc_' failed: Error in connection establishment: net::ERR_CONNECTION_REFUSED @ http://localhost:3000/_next/static/chunks/0kit_next_dist_client_0nvl.jm._.js:14525
[ 6094927ms] [ERROR] Manifest: Line: 1, column: 1, Syntax error. @ http://localhost:3000/manifest.webmanifest:0
[ 6103514ms] [ERROR] WebSocket connection to 'ws://localhost:3000/_next/hmr?id=IK29bWGFh_gQR__LexWc_' failed: Error in connection establishment: net::ERR_CONNECTION_REFUSED @ http://localhost:3000/_next/static/chunks/0kit_next_dist_client_0nvl.jm._.js:14525
[ 6107764ms] [ERROR] Manifest: Line: 1, column: 1, Syntax error. @ http://localhost:3000/manifest.webmanifest:0
[ 6110159ms] [ERROR] WebSocket connection to 'ws://localhost:3000/_next/hmr?id=IK29bWGFh_gQR__LexWc_' failed: Error in connection establishment: net::ERR_CONNECTION_REFUSED @ http://localhost:3000/_next/static/chunks/0kit_next_dist_client_0nvl.jm._.js:14525
[ 6115167ms] [ERROR] WebSocket connection to 'ws://localhost:3000/_next/hmr?id=IK29bWGFh_gQR__LexWc_' failed: Error in connection establishment: net::ERR_CONNECTION_REFUSED @ http://localhost:3000/_next/static/chunks/0kit_next_dist_client_0nvl.jm._.js:14525
[ 6119868ms] [ERROR] WebSocket connection to 'ws://localhost:3000/_next/hmr?id=IK29bWGFh_gQR__LexWc_' failed: Error in connection establishment: net::ERR_CONNECTION_REFUSED @ http://localhost:3000/_next/static/chunks/0kit_next_dist_client_0nvl.jm._.js:14525
[ 6123806ms] [ERROR] WebSocket connection to 'ws://localhost:3000/_next/hmr?id=IK29bWGFh_gQR__LexWc_' failed: Error in connection establishment: net::ERR_CONNECTION_REFUSED @ http://localhost:3000/_next/static/chunks/0kit_next_dist_client_0nvl.jm._.js:14525
[ 6131794ms] [ERROR] WebSocket connection to 'ws://localhost:3000/_next/hmr?id=IK29bWGFh_gQR__LexWc_' failed: Error in connection establishment: net::ERR_CONNECTION_REFUSED @ http://localhost:3000/_next/static/chunks/0kit_next_dist_client_0nvl.jm._.js:14525
[ 6145604ms] [ERROR] WebSocket connection to 'ws://localhost:3000/_next/hmr?id=IK29bWGFh_gQR__LexWc_' failed: Error in connection establishment: net::ERR_CONNECTION_REFUSED @ http://localhost:3000/_next/static/chunks/0kit_next_dist_client_0nvl.jm._.js:14525
[ 6155706ms] [ERROR] WebSocket connection to 'ws://localhost:3000/_next/hmr?id=IK29bWGFh_gQR__LexWc_' failed: Error in connection establishment: net::ERR_CONNECTION_REFUSED @ http://localhost:3000/_next/static/chunks/0kit_next_dist_client_0nvl.jm._.js:14525
[ 6167924ms] [ERROR] WebSocket connection to 'ws://localhost:3000/_next/hmr?id=IK29bWGFh_gQR__LexWc_' failed: Error in connection establishment: net::ERR_CONNECTION_REFUSED @ http://localhost:3000/_next/static/chunks/0kit_next_dist_client_0nvl.jm._.js:14525
[ 6177711ms] [ERROR] WebSocket connection to 'ws://localhost:3000/_next/hmr?id=IK29bWGFh_gQR__LexWc_' failed: Error in connection establishment: net::ERR_CONNECTION_REFUSED @ http://localhost:3000/_next/static/chunks/0kit_next_dist_client_0nvl.jm._.js:14525
[ 6189919ms] [ERROR] WebSocket connection to 'ws://localhost:3000/_next/hmr?id=IK29bWGFh_gQR__LexWc_' failed: Error in connection establishment: net::ERR_CONNECTION_REFUSED @ http://localhost:3000/_next/static/chunks/0kit_next_dist_client_0nvl.jm._.js:14525
[ 6199451ms] [ERROR] WebSocket connection to 'ws://localhost:3000/_next/hmr?id=IK29bWGFh_gQR__LexWc_' failed: Error in connection establishment: net::ERR_CONNECTION_REFUSED @ http://localhost:3000/_next/static/chunks/0kit_next_dist_client_0nvl.jm._.js:14525
[ 6210328ms] [ERROR] WebSocket connection to 'ws://localhost:3000/_next/hmr?id=IK29bWGFh_gQR__LexWc_' failed: Error in connection establishment: net::ERR_CONNECTION_REFUSED @ http://localhost:3000/_next/static/chunks/0kit_next_dist_client_0nvl.jm._.js:14525
[ 6215335ms] [ERROR] Manifest: Line: 1, column: 1, Syntax error. @ http://localhost:3000/manifest.webmanifest:0
[ 6225643ms] [ERROR] WebSocket connection to 'ws://localhost:3000/_next/hmr?id=IK29bWGFh_gQR__LexWc_' failed: Error in connection establishment: net::ERR_CONNECTION_REFUSED @ http://localhost:3000/_next/static/chunks/0kit_next_dist_client_0nvl.jm._.js:14525
[ 6229196ms] [ERROR] Manifest: Line: 1, column: 1, Syntax error. @ http://localhost:3000/manifest.webmanifest:0
[ 6231364ms] [ERROR] WebSocket connection to 'ws://localhost:3000/_next/hmr?id=IK29bWGFh_gQR__LexWc_' failed: Error in connection establishment: net::ERR_CONNECTION_REFUSED @ http://localhost:3000/_next/static/chunks/0kit_next_dist_client_0nvl.jm._.js:14525
[ 6239582ms] [ERROR] WebSocket connection to 'ws://localhost:3000/_next/hmr?id=IK29bWGFh_gQR__LexWc_' failed: Error in connection establishment: net::ERR_CONNECTION_REFUSED @ http://localhost:3000/_next/static/chunks/0kit_next_dist_client_0nvl.jm._.js:14525
[ 6245095ms] [ERROR] WebSocket connection to 'ws://localhost:3000/_next/hmr?id=IK29bWGFh_gQR__LexWc_' failed: Error in connection establishment: net::ERR_CONNECTION_REFUSED @ http://localhost:3000/_next/static/chunks/0kit_next_dist_client_0nvl.jm._.js:14525
[ 6250205ms] [ERROR] WebSocket connection to 'ws://localhost:3000/_next/hmr?id=IK29bWGFh_gQR__LexWc_' failed: Error in connection establishment: net::ERR_CONNECTION_REFUSED @ http://localhost:3000/_next/static/chunks/0kit_next_dist_client_0nvl.jm._.js:14525
[ 6256128ms] [ERROR] WebSocket connection to 'ws://localhost:3000/_next/hmr?id=IK29bWGFh_gQR__LexWc_' failed: Error in connection establishment: net::ERR_CONNECTION_REFUSED @ http://localhost:3000/_next/static/chunks/0kit_next_dist_client_0nvl.jm._.js:14525
[ 6268195ms] [ERROR] WebSocket connection to 'ws://localhost:3000/_next/hmr?id=IK29bWGFh_gQR__LexWc_' failed: Error in connection establishment: net::ERR_CONNECTION_REFUSED @ http://localhost:3000/_next/static/chunks/0kit_next_dist_client_0nvl.jm._.js:14525
[ 6278027ms] [ERROR] WebSocket connection to 'ws://localhost:3000/_next/hmr?id=IK29bWGFh_gQR__LexWc_' failed: Error in connection establishment: net::ERR_CONNECTION_REFUSED @ http://localhost:3000/_next/static/chunks/0kit_next_dist_client_0nvl.jm._.js:14525
[ 6288657ms] [ERROR] WebSocket connection to 'ws://localhost:3000/_next/hmr?id=IK29bWGFh_gQR__LexWc_' failed: Error in connection establishment: net::ERR_CONNECTION_REFUSED @ http://localhost:3000/_next/static/chunks/0kit_next_dist_client_0nvl.jm._.js:14525
[ 6300345ms] [ERROR] WebSocket connection to 'ws://localhost:3000/_next/hmr?id=IK29bWGFh_gQR__LexWc_' failed: Error in connection establishment: net::ERR_CONNECTION_REFUSED @ http://localhost:3000/_next/static/chunks/0kit_next_dist_client_0nvl.jm._.js:14525
[ 6312442ms] [ERROR] WebSocket connection to 'ws://localhost:3000/_next/hmr?id=IK29bWGFh_gQR__LexWc_' failed: Error in connection establishment: net::ERR_CONNECTION_REFUSED @ http://localhost:3000/_next/static/chunks/0kit_next_dist_client_0nvl.jm._.js:14525
[ 6323703ms] [ERROR] WebSocket connection to 'ws://localhost:3000/_next/hmr?id=IK29bWGFh_gQR__LexWc_' failed: Error in connection establishment: net::ERR_CONNECTION_REFUSED @ http://localhost:3000/_next/static/chunks/0kit_next_dist_client_0nvl.jm._.js:14525
[ 6335680ms] [ERROR] WebSocket connection to 'ws://localhost:3000/_next/hmr?id=IK29bWGFh_gQR__LexWc_' failed: Error in connection establishment: net::ERR_CONNECTION_REFUSED @ http://localhost:3000/_next/static/chunks/0kit_next_dist_client_0nvl.jm._.js:14525
[ 6340637ms] [ERROR] Manifest: Line: 1, column: 1, Syntax error. @ http://localhost:3000/manifest.webmanifest:0
[ 6351608ms] [ERROR] WebSocket connection to 'ws://localhost:3000/_next/hmr?id=IK29bWGFh_gQR__LexWc_' failed: Error in connection establishment: net::ERR_CONNECTION_REFUSED @ http://localhost:3000/_next/static/chunks/0kit_next_dist_client_0nvl.jm._.js:14525
[ 6354601ms] [ERROR] Manifest: Line: 1, column: 1, Syntax error. @ http://localhost:3000/manifest.webmanifest:0
[ 6356990ms] [ERROR] WebSocket connection to 'ws://localhost:3000/_next/hmr?id=IK29bWGFh_gQR__LexWc_' failed: Error in connection establishment: net::ERR_CONNECTION_REFUSED @ http://localhost:3000/_next/static/chunks/0kit_next_dist_client_0nvl.jm._.js:14525
[ 6360822ms] [ERROR] WebSocket connection to 'ws://localhost:3000/_next/hmr?id=IK29bWGFh_gQR__LexWc_' failed: Error in connection establishment: net::ERR_CONNECTION_REFUSED @ http://localhost:3000/_next/static/chunks/0kit_next_dist_client_0nvl.jm._.js:14525
[ 6365273ms] [ERROR] WebSocket connection to 'ws://localhost:3000/_next/hmr?id=IK29bWGFh_gQR__LexWc_' failed: Error in connection establishment: net::ERR_CONNECTION_REFUSED @ http://localhost:3000/_next/static/chunks/0kit_next_dist_client_0nvl.jm._.js:14525
[ 6370136ms] [ERROR] WebSocket connection to 'ws://localhost:3000/_next/hmr?id=IK29bWGFh_gQR__LexWc_' failed: Error in connection establishment: net::ERR_CONNECTION_REFUSED @ http://localhost:3000/_next/static/chunks/0kit_next_dist_client_0nvl.jm._.js:14525
[ 6378072ms] [ERROR] WebSocket connection to 'ws://localhost:3000/_next/hmr?id=IK29bWGFh_gQR__LexWc_' failed: Error in connection establishment: net::ERR_CONNECTION_REFUSED @ http://localhost:3000/_next/static/chunks/0kit_next_dist_client_0nvl.jm._.js:14525
[ 6387328ms] [ERROR] WebSocket connection to 'ws://localhost:3000/_next/hmr?id=IK29bWGFh_gQR__LexWc_' failed: Error in connection establishment: net::ERR_CONNECTION_REFUSED @ http://localhost:3000/_next/static/chunks/0kit_next_dist_client_0nvl.jm._.js:14525
[ 6398823ms] [ERROR] WebSocket connection to 'ws://localhost:3000/_next/hmr?id=IK29bWGFh_gQR__LexWc_' failed: Error in connection establishment: net::ERR_CONNECTION_REFUSED @ http://localhost:3000/_next/static/chunks/0kit_next_dist_client_0nvl.jm._.js:14525
[ 6408297ms] [ERROR] WebSocket connection to 'ws://localhost:3000/_next/hmr?id=IK29bWGFh_gQR__LexWc_' failed: Error in connection establishment: net::ERR_CONNECTION_REFUSED @ http://localhost:3000/_next/static/chunks/0kit_next_dist_client_0nvl.jm._.js:14525
[ 6417563ms] [ERROR] WebSocket connection to 'ws://localhost:3000/_next/hmr?id=IK29bWGFh_gQR__LexWc_' failed: Error in connection establishment: net::ERR_CONNECTION_REFUSED @ http://localhost:3000/_next/static/chunks/0kit_next_dist_client_0nvl.jm._.js:14525
[ 6429068ms] [ERROR] WebSocket connection to 'ws://localhost:3000/_next/hmr?id=IK29bWGFh_gQR__LexWc_' failed: Error in connection establishment: net::ERR_CONNECTION_REFUSED @ http://localhost:3000/_next/static/chunks/0kit_next_dist_client_0nvl.jm._.js:14525
[ 6440117ms] [ERROR] WebSocket connection to 'ws://localhost:3000/_next/hmr?id=IK29bWGFh_gQR__LexWc_' failed: Error in connection establishment: net::ERR_CONNECTION_REFUSED @ http://localhost:3000/_next/static/chunks/0kit_next_dist_client_0nvl.jm._.js:14525
[ 6452000ms] [ERROR] WebSocket connection to 'ws://localhost:3000/_next/hmr?id=IK29bWGFh_gQR__LexWc_' failed: Error in connection establishment: net::ERR_CONNECTION_REFUSED @ http://localhost:3000/_next/static/chunks/0kit_next_dist_client_0nvl.jm._.js:14525
[ 6456996ms] [ERROR] Manifest: Line: 1, column: 1, Syntax error. @ http://localhost:3000/manifest.webmanifest:0
[ 6466660ms] [ERROR] WebSocket connection to 'ws://localhost:3000/_next/hmr?id=IK29bWGFh_gQR__LexWc_' failed: Error in connection establishment: net::ERR_CONNECTION_REFUSED @ http://localhost:3000/_next/static/chunks/0kit_next_dist_client_0nvl.jm._.js:14525
[ 6470897ms] [ERROR] Manifest: Line: 1, column: 1, Syntax error. @ http://localhost:3000/manifest.webmanifest:0
[ 6473325ms] [ERROR] WebSocket connection to 'ws://localhost:3000/_next/hmr?id=IK29bWGFh_gQR__LexWc_' failed: Error in connection establishment: net::ERR_CONNECTION_REFUSED @ http://localhost:3000/_next/static/chunks/0kit_next_dist_client_0nvl.jm._.js:14525
[ 6476684ms] [ERROR] WebSocket connection to 'ws://localhost:3000/_next/hmr?id=IK29bWGFh_gQR__LexWc_' failed: Error in connection establishment: net::ERR_CONNECTION_REFUSED @ http://localhost:3000/_next/static/chunks/0kit_next_dist_client_0nvl.jm._.js:14525
[ 6481361ms] [ERROR] WebSocket connection to 'ws://localhost:3000/_next/hmr?id=IK29bWGFh_gQR__LexWc_' failed: Error in connection establishment: net::ERR_CONNECTION_REFUSED @ http://localhost:3000/_next/static/chunks/0kit_next_dist_client_0nvl.jm._.js:14525
[ 6484717ms] [ERROR] WebSocket connection to 'ws://localhost:3000/_next/hmr?id=IK29bWGFh_gQR__LexWc_' failed: Error in connection establishment: net::ERR_CONNECTION_REFUSED @ http://localhost:3000/_next/static/chunks/0kit_next_dist_client_0nvl.jm._.js:14525
[ 6488099ms] [ERROR] WebSocket connection to 'ws://localhost:3000/_next/hmr?id=IK29bWGFh_gQR__LexWc_' failed: Error in connection establishment: net::ERR_CONNECTION_REFUSED @ http://localhost:3000/_next/static/chunks/0kit_next_dist_client_0nvl.jm._.js:14525
[ 6495471ms] [ERROR] WebSocket connection to 'ws://localhost:3000/_next/hmr?id=IK29bWGFh_gQR__LexWc_' failed: Error in connection establishment: net::ERR_CONNECTION_REFUSED @ http://localhost:3000/_next/static/chunks/0kit_next_dist_client_0nvl.jm._.js:14525
[ 6503049ms] [ERROR] WebSocket connection to 'ws://localhost:3000/_next/hmr?id=IK29bWGFh_gQR__LexWc_' failed: Error in connection establishment: net::ERR_CONNECTION_REFUSED @ http://localhost:3000/_next/static/chunks/0kit_next_dist_client_0nvl.jm._.js:14525
[ 6510443ms] [ERROR] WebSocket connection to 'ws://localhost:3000/_next/hmr?id=IK29bWGFh_gQR__LexWc_' failed: Error in connection establishment: net::ERR_CONNECTION_REFUSED @ http://localhost:3000/_next/static/chunks/0kit_next_dist_client_0nvl.jm._.js:14525
[ 6517836ms] [ERROR] WebSocket connection to 'ws://localhost:3000/_next/hmr?id=IK29bWGFh_gQR__LexWc_' failed: Error in connection establishment: net::ERR_CONNECTION_REFUSED @ http://localhost:3000/_next/static/chunks/0kit_next_dist_client_0nvl.jm._.js:14525
[ 6525195ms] [ERROR] WebSocket connection to 'ws://localhost:3000/_next/hmr?id=IK29bWGFh_gQR__LexWc_' failed: Error in connection establishment: net::ERR_CONNECTION_REFUSED @ http://localhost:3000/_next/static/chunks/0kit_next_dist_client_0nvl.jm._.js:14525
[ 6532632ms] [ERROR] WebSocket connection to 'ws://localhost:3000/_next/hmr?id=IK29bWGFh_gQR__LexWc_' failed: Error in connection establishment: net::ERR_CONNECTION_REFUSED @ http://localhost:3000/_next/static/chunks/0kit_next_dist_client_0nvl.jm._.js:14525
[ 6540027ms] [ERROR] WebSocket connection to 'ws://localhost:3000/_next/hmr?id=IK29bWGFh_gQR__LexWc_' failed: Error in connection establishment: net::ERR_CONNECTION_REFUSED @ http://localhost:3000/_next/static/chunks/0kit_next_dist_client_0nvl.jm._.js:14525
[ 6545181ms] [ERROR] Manifest: Line: 1, column: 1, Syntax error. @ http://localhost:3000/manifest.webmanifest:0
[ 6552419ms] [ERROR] WebSocket connection to 'ws://localhost:3000/_next/hmr?id=IK29bWGFh_gQR__LexWc_' failed: Error in connection establishment: net::ERR_CONNECTION_REFUSED @ http://localhost:3000/_next/static/chunks/0kit_next_dist_client_0nvl.jm._.js:14525
[ 6555897ms] [ERROR] WebSocket connection to 'ws://localhost:3000/_next/hmr?id=IK29bWGFh_gQR__LexWc_' failed: Error in connection establishment: net::ERR_CONNECTION_REFUSED @ http://localhost:3000/_next/static/chunks/0kit_next_dist_client_0nvl.jm._.js:14525
[ 6559137ms] [ERROR] Manifest: Line: 1, column: 1, Syntax error. @ http://localhost:3000/manifest.webmanifest:0
[ 6560025ms] [ERROR] WebSocket connection to 'ws://localhost:3000/_next/hmr?id=IK29bWGFh_gQR__LexWc_' failed: Error in connection establishment: net::ERR_CONNECTION_REFUSED @ http://localhost:3000/_next/static/chunks/0kit_next_dist_client_0nvl.jm._.js:14525
[ 6565297ms] [ERROR] WebSocket connection to 'ws://localhost:3000/_next/hmr?id=IK29bWGFh_gQR__LexWc_' failed: Error in connection establishment: net::ERR_CONNECTION_REFUSED @ http://localhost:3000/_next/static/chunks/0kit_next_dist_client_0nvl.jm._.js:14525
[ 6570023ms] [ERROR] WebSocket connection to 'ws://localhost:3000/_next/hmr?id=IK29bWGFh_gQR__LexWc_' failed: Error in connection establishment: net::ERR_CONNECTION_REFUSED @ http://localhost:3000/_next/static/chunks/0kit_next_dist_client_0nvl.jm._.js:14525
[ 6576426ms] [ERROR] WebSocket connection to 'ws://localhost:3000/_next/hmr?id=IK29bWGFh_gQR__LexWc_' failed: Error in connection establishment: net::ERR_CONNECTION_REFUSED @ http://localhost:3000/_next/static/chunks/0kit_next_dist_client_0nvl.jm._.js:14525
[ 6606553ms] [ERROR] Manifest: Line: 1, column: 1, Syntax error. @ http://localhost:3000/manifest.webmanifest:0
[ 6607684ms] [ERROR] Manifest: Line: 1, column: 1, Syntax error. @ http://localhost:3000/manifest.webmanifest:0
[ 6615574ms] [ERROR] Failed to load resource: the server responded with a status of 500 (Internal Server Error) @ http://localhost:3000/api/research/scrape:0
[ 7088650ms] [ERROR] Manifest: Line: 1, column: 1, Syntax error. @ http://localhost:3000/manifest.webmanifest:0
[ 7367911ms] [ERROR] ./apps/web/components/research/item-detail/item-content.tsx:238:21
Expected '</', got '='
  236 |               )}
  237 |               <
> 238 |                 href={item.url}
      |                     ^
  239 |                 target="_blank"
  240 |                 rel="noopener noreferrer"
  241 |                 className="inline-flex items-ce...

Parsing ecmascript source code failed

Import traces:
  Client Component Browser:
    ./apps/web/components/research/item-detail/item-content.tsx [Client Component Browser]
    ./apps/web/components/research/item-detail/item-detail-shell.tsx [Client Component Browser]
    ./apps/web/components/research/item-detail/item-detail-shell.tsx [Server Component]
    ./apps/web/app/(auth)/research/item/[id]/page.tsx [Server Component]

  Client Component SSR:
    ./apps/web/components/research/item-detail/item-content.tsx [Client Component SSR]
    ./apps/web/components/research/item-detail/item-detail-shell.tsx [Client Component SSR]
    ./apps/web/components/research/item-detail/item-detail-shell.tsx [Server Component]
    ./apps/web/app/(auth)/research/item/[id]/page.tsx [Server Component] @ http://localhost:3000/_next/static/chunks/0kit_next_dist_01q9jry._.js:1914
[ 7368280ms] [ERROR] ./apps/web/components/research/item-detail/item-content.tsx:238:21
Expected '</', got '='
  236 |               )}
  237 |               <
> 238 |                 href={item.url}
      |                     ^
  239 |                 target="_blank"
  240 |                 rel="noopener noreferrer"
  241 |                 className="inline-flex items-ce...

Parsing ecmascript source code failed

Import traces:
  Client Component Browser:
    ./apps/web/components/research/item-detail/item-content.tsx [Client Component Browser]
    ./apps/web/components/research/item-detail/item-detail-shell.tsx [Client Component Browser]
    ./apps/web/components/research/item-detail/item-detail-shell.tsx [Server Component]
    ./apps/web/app/(auth)/research/item/[id]/page.tsx [Server Component]

  Client Component SSR:
    ./apps/web/components/research/item-detail/item-content.tsx [Client Component SSR]
    ./apps/web/components/research/item-detail/item-detail-shell.tsx [Client Component SSR]
    ./apps/web/components/research/item-detail/item-detail-shell.tsx [Server Component]
    ./apps/web/app/(auth)/research/item/[id]/page.tsx [Server Component] @ http://localhost:3000/_next/static/chunks/0kit_next_dist_01q9jry._.js:1914
[ 7374363ms] [ERROR] ./apps/web/components/research/item-detail/item-content.tsx:238:21
Expected '</', got '='
  236 |               )}
  237 |               <
> 238 |                 href={item.url}
      |                     ^
  239 |                 target="_blank"
  240 |                 rel="noopener noreferrer"
  241 |                 className="inline-flex items-ce...

Parsing ecmascript source code failed

Import traces:
  Client Component Browser:
    ./apps/web/components/research/item-detail/item-content.tsx [Client Component Browser]
    ./apps/web/components/research/item-detail/item-detail-shell.tsx [Client Component Browser]
    ./apps/web/components/research/item-detail/item-detail-shell.tsx [Server Component]
    ./apps/web/app/(auth)/research/item/[id]/page.tsx [Server Component]

  Client Component SSR:
    ./apps/web/components/research/item-detail/item-content.tsx [Client Component SSR]
    ./apps/web/components/research/item-detail/item-detail-shell.tsx [Client Component SSR]
    ./apps/web/components/research/item-detail/item-detail-shell.tsx [Server Component]
    ./apps/web/app/(auth)/research/item/[id]/page.tsx [Server Component] @ http://localhost:3000/_next/static/chunks/0kit_next_dist_01q9jry._.js:1914
[ 7374455ms] [ERROR] ./apps/web/components/research/item-detail/item-content.tsx:238:21
Expected '</', got '='
  236 |               )}
  237 |               <
> 238 |                 href={item.url}
      |                     ^
  239 |                 target="_blank"
  240 |                 rel="noopener noreferrer"
  241 |                 className="inline-flex items-ce...

Parsing ecmascript source code failed

Import traces:
  Client Component Browser:
    ./apps/web/components/research/item-detail/item-content.tsx [Client Component Browser]
    ./apps/web/components/research/item-detail/item-detail-shell.tsx [Client Component Browser]
    ./apps/web/components/research/item-detail/item-detail-shell.tsx [Server Component]
    ./apps/web/app/(auth)/research/item/[id]/page.tsx [Server Component]

  Client Component SSR:
    ./apps/web/components/research/item-detail/item-content.tsx [Client Component SSR]
    ./apps/web/components/research/item-detail/item-detail-shell.tsx [Client Component SSR]
    ./apps/web/components/research/item-detail/item-detail-shell.tsx [Server Component]
    ./apps/web/app/(auth)/research/item/[id]/page.tsx [Server Component] @ http://localhost:3000/_next/static/chunks/0kit_next_dist_01q9jry._.js:1914
[ 7382617ms] [ERROR] ./apps/web/components/research/item-detail/item-content.tsx:238:21
Expected '</', got '='
  236 |               )}
  237 |               <
> 238 |                 href={item.url}
      |                     ^
  239 |                 target="_blank"
  240 |                 rel="noopener noreferrer"
  241 |                 className="inline-flex items-ce...

Parsing ecmascript source code failed

Import traces:
  Client Component Browser:
    ./apps/web/components/research/item-detail/item-content.tsx [Client Component Browser]
    ./apps/web/components/research/item-detail/item-detail-shell.tsx [Client Component Browser]
    ./apps/web/components/research/item-detail/item-detail-shell.tsx [Server Component]
    ./apps/web/app/(auth)/research/item/[id]/page.tsx [Server Component]

  Client Component SSR:
    ./apps/web/components/research/item-detail/item-content.tsx [Client Component SSR]
    ./apps/web/components/research/item-detail/item-detail-shell.tsx [Client Component SSR]
    ./apps/web/components/research/item-detail/item-detail-shell.tsx [Server Component]
    ./apps/web/app/(auth)/research/item/[id]/page.tsx [Server Component] @ http://localhost:3000/_next/static/chunks/0kit_next_dist_01q9jry._.js:1914
[ 7382873ms] [ERROR] ./apps/web/components/research/item-detail/item-content.tsx:238:21
Expected '</', got '='
  236 |               )}
  237 |               <
> 238 |                 href={item.url}
      |                     ^
  239 |                 target="_blank"
  240 |                 rel="noopener noreferrer"
  241 |                 className="inline-flex items-ce...

Parsing ecmascript source code failed

Import traces:
  Client Component Browser:
    ./apps/web/components/research/item-detail/item-content.tsx [Client Component Browser]
    ./apps/web/components/research/item-detail/item-detail-shell.tsx [Client Component Browser]
    ./apps/web/components/research/item-detail/item-detail-shell.tsx [Server Component]
    ./apps/web/app/(auth)/research/item/[id]/page.tsx [Server Component]

  Client Component SSR:
    ./apps/web/components/research/item-detail/item-content.tsx [Client Component SSR]
    ./apps/web/components/research/item-detail/item-detail-shell.tsx [Client Component SSR]
    ./apps/web/components/research/item-detail/item-detail-shell.tsx [Server Component]
    ./apps/web/app/(auth)/research/item/[id]/page.tsx [Server Component] @ http://localhost:3000/_next/static/chunks/0kit_next_dist_01q9jry._.js:1914
[ 7404299ms] [ERROR] ./apps/web/components/research/item-detail/item-content.tsx:238:21
Expected '</', got '='
  236 |               )}
  237 |               <
> 238 |                 href={item.url}
      |                     ^
  239 |                 target="_blank"
  240 |                 rel="noopener noreferrer"
  241 |                 className="inline-flex items-ce...

Parsing ecmascript source code failed

Import traces:
  Client Component Browser:
    ./apps/web/components/research/item-detail/item-content.tsx [Client Component Browser]
    ./apps/web/components/research/item-detail/item-detail-shell.tsx [Client Component Browser]
    ./apps/web/components/research/item-detail/item-detail-shell.tsx [Server Component]
    ./apps/web/app/(auth)/research/item/[id]/page.tsx [Server Component]

  Client Component SSR:
    ./apps/web/components/research/item-detail/item-content.tsx [Client Component SSR]
    ./apps/web/components/research/item-detail/item-detail-shell.tsx [Client Component SSR]
    ./apps/web/components/research/item-detail/item-detail-shell.tsx [Server Component]
    ./apps/web/app/(auth)/research/item/[id]/page.tsx [Server Component] @ http://localhost:3000/_next/static/chunks/0kit_next_dist_01q9jry._.js:1914
[ 7418426ms] [ERROR] ./apps/web/components/research/item-detail/item-content.tsx:238:21
Expected '</', got '='
  236 |               )}
  237 |               <
> 238 |                 href={item.url}
      |                     ^
  239 |                 target="_blank"
  240 |                 rel="noopener noreferrer"
  241 |                 className="inline-flex items-ce...

Parsing ecmascript source code failed

Import traces:
  Client Component Browser:
    ./apps/web/components/research/item-detail/item-content.tsx [Client Component Browser]
    ./apps/web/components/research/item-detail/item-detail-shell.tsx [Client Component Browser]
    ./apps/web/components/research/item-detail/item-detail-shell.tsx [Server Component]
    ./apps/web/app/(auth)/research/item/[id]/page.tsx [Server Component]

  Client Component SSR:
    ./apps/web/components/research/item-detail/item-content.tsx [Client Component SSR]
    ./apps/web/components/research/item-detail/item-detail-shell.tsx [Client Component SSR]
    ./apps/web/components/research/item-detail/item-detail-shell.tsx [Server Component]
    ./apps/web/app/(auth)/research/item/[id]/page.tsx [Server Component] @ http://localhost:3000/_next/static/chunks/0kit_next_dist_01q9jry._.js:1914
[ 7426417ms] [ERROR] Manifest: Line: 1, column: 1, Syntax error. @ http://localhost:3000/manifest.webmanifest:0
[ 7945573ms] [WARNING] [Fast Refresh] performing full reload

Fast Refresh will perform a full reload when you edit a file that's imported by modules outside of the React rendering tree.
You might have a file which exports a React component but also exports a value that is imported by a non-React component file.
Consider migrating the non-React component export to a separate file and importing it into both files.

It is also possible the parent component of the component you edited is a class component, which disables Fast Refresh.
Fast Refresh requires at least one parent function component in your React tree. @ http://localhost:3000/_next/static/chunks/0kit_next_dist_01q9jry._.js:1073
[ 7972156ms] [ERROR] Manifest: Line: 1, column: 1, Syntax error. @ http://localhost:3000/manifest.webmanifest:0
[ 8066814ms] [ERROR] Manifest: Line: 1, column: 1, Syntax error. @ http://localhost:3000/manifest.webmanifest:0
[ 8176981ms] [ERROR] ./apps/web/components/research/item-detail/item-content.tsx:305:12
Unexpected token. Did you mean `{'}'}` or `&rbrace;`?
  303 |               </p>
  304 |             </div>
> 305 |           )}
      |            ^
  306 |         </div>
  307 |       )}
  308 |

Parsing ecmascript source code failed

Import traces:
  Client Component Browser:
    ./apps/web/components/research/item-detail/item-content.tsx [Client Component Browser]
    ./apps/web/components/research/item-detail/item-detail-shell.tsx [Client Component Browser]
    ./apps/web/components/research/item-detail/item-detail-shell.tsx [Server Component]
    ./apps/web/app/(auth)/research/item/[id]/page.tsx [Server Component]

  Client Component SSR:
    ./apps/web/components/research/item-detail/item-content.tsx [Client Component SSR]
    ./apps/web/components/research/item-detail/item-detail-shell.tsx [Client Component SSR]
    ./apps/web/components/research/item-detail/item-detail-shell.tsx [Server Component]
    ./apps/web/app/(auth)/research/item/[id]/page.tsx [Server Component] @ http://localhost:3000/_next/static/chunks/0kit_next_dist_01q9jry._.js:1914
[ 8187233ms] [ERROR] Manifest: Line: 1, column: 1, Syntax error. @ http://localhost:3000/manifest.webmanifest:0
[ 8365292ms] [ERROR] %o

%s ReferenceError: useEffect is not defined
    at ItemContent (http://localhost:3000/_next/static/chunks/apps_web_0nd0h5j._.js?id=%255Bproject%255D%252Fapps%252Fweb%252Fcomponents%252Fresearch%252Fitem-detail%252Fitem-content.tsx+%255Bapp-client%255D+%2528ecmascript%2529:109:5)
    at Object.react_stack_bottom_frame (http://localhost:3000/_next/static/chunks/0kit_next_dist_compiled_react-dom_0ctbhl9._.js:15037:24)
    at renderWithHooks (http://localhost:3000/_next/static/chunks/0kit_next_dist_compiled_react-dom_0ctbhl9._.js:4620:24)
    at updateFunctionComponent (http://localhost:3000/_next/static/chunks/0kit_next_dist_compiled_react-dom_0ctbhl9._.js:6081:21)
    at beginWork (http://localhost:3000/_next/static/chunks/0kit_next_dist_compiled_react-dom_0ctbhl9._.js:6691:24)
    at runWithFiberInDEV (http://localhost:3000/_next/static/chunks/0kit_next_dist_compiled_react-dom_0ctbhl9._.js:965:74)
    at performUnitOfWork (http://localhost:3000/_next/static/chunks/0kit_next_dist_compiled_react-dom_0ctbhl9._.js:9555:97)
    at workLoopSync (http://localhost:3000/_next/static/chunks/0kit_next_dist_compiled_react-dom_0ctbhl9._.js:9449:40)
    at renderRootSync (http://localhost:3000/_next/static/chunks/0kit_next_dist_compiled_react-dom_0ctbhl9._.js:9433:13)
    at performWorkOnRoot (http://localhost:3000/_next/static/chunks/0kit_next_dist_compiled_react-dom_0ctbhl9._.js:9098:47)
    at performSyncWorkOnRoot (http://localhost:3000/_next/static/chunks/0kit_next_dist_compiled_react-dom_0ctbhl9._.js:10263:9)
    at flushSyncWorkAcrossRoots_impl (http://localhost:3000/_next/static/chunks/0kit_next_dist_compiled_react-dom_0ctbhl9._.js:10179:316)
    at flushSyncWork$1 (http://localhost:3000/_next/static/chunks/0kit_next_dist_compiled_react-dom_0ctbhl9._.js:9230:86)
    at Object.scheduleRefresh (http://localhost:3000/_next/static/chunks/0kit_next_dist_compiled_react-dom_0ctbhl9._.js:299:13)
    at http://localhost:3000/_next/static/chunks/0kit_next_dist_compiled_0iuxy_s._.js:391:33
    at Set.forEach (<anonymous>)
    at Object.performReactRefresh (http://localhost:3000/_next/static/chunks/0kit_next_dist_compiled_0iuxy_s._.js:384:38)
    at applyUpdate (http://localhost:3000/_next/static/chunks/0kit_next_dist_compiled_0iuxy_s._.js:878:31)
    at http://localhost:3000/_next/static/chunks/0kit_next_dist_compiled_0iuxy_s._.js:886:13 The above error occurred in the <ItemContent> component. It was handled by the <ErrorBoundaryHandler> error boundary. @ http://localhost:3000/_next/static/chunks/0kit_next_dist_client_0nvl.jm._.js:3351
[ 8440165ms] [ERROR] %o

%s ReferenceError: bookmarkletHref is not defined
    at ItemContent (http://localhost:3000/_next/static/chunks/apps_web_0nd0h5j._.js?id=%255Bproject%255D%252Fapps%252Fweb%252Fcomponents%252Fresearch%252Fitem-detail%252Fitem-content.tsx+%255Bapp-client%255D+%2528ecmascript%2529:548:47)
    at Object.react_stack_bottom_frame (http://localhost:3000/_next/static/chunks/0kit_next_dist_compiled_react-dom_0ctbhl9._.js:15037:24)
    at renderWithHooks (http://localhost:3000/_next/static/chunks/0kit_next_dist_compiled_react-dom_0ctbhl9._.js:4620:24)
    at updateFunctionComponent (http://localhost:3000/_next/static/chunks/0kit_next_dist_compiled_react-dom_0ctbhl9._.js:6081:21)
    at beginWork (http://localhost:3000/_next/static/chunks/0kit_next_dist_compiled_react-dom_0ctbhl9._.js:6691:24)
    at runWithFiberInDEV (http://localhost:3000/_next/static/chunks/0kit_next_dist_compiled_react-dom_0ctbhl9._.js:965:74)
    at performUnitOfWork (http://localhost:3000/_next/static/chunks/0kit_next_dist_compiled_react-dom_0ctbhl9._.js:9555:97)
    at workLoopSync (http://localhost:3000/_next/static/chunks/0kit_next_dist_compiled_react-dom_0ctbhl9._.js:9449:40)
    at renderRootSync (http://localhost:3000/_next/static/chunks/0kit_next_dist_compiled_react-dom_0ctbhl9._.js:9433:13)
    at performWorkOnRoot (http://localhost:3000/_next/static/chunks/0kit_next_dist_compiled_react-dom_0ctbhl9._.js:9098:47)
    at performSyncWorkOnRoot (http://localhost:3000/_next/static/chunks/0kit_next_dist_compiled_react-dom_0ctbhl9._.js:10263:9)
    at flushSyncWorkAcrossRoots_impl (http://localhost:3000/_next/static/chunks/0kit_next_dist_compiled_react-dom_0ctbhl9._.js:10179:316)
    at flushSyncWork$1 (http://localhost:3000/_next/static/chunks/0kit_next_dist_compiled_react-dom_0ctbhl9._.js:9230:86)
    at Object.scheduleRefresh (http://localhost:3000/_next/static/chunks/0kit_next_dist_compiled_react-dom_0ctbhl9._.js:299:13)
    at http://localhost:3000/_next/static/chunks/0kit_next_dist_compiled_0iuxy_s._.js:391:33
    at Set.forEach (<anonymous>)
    at Object.performReactRefresh (http://localhost:3000/_next/static/chunks/0kit_next_dist_compiled_0iuxy_s._.js:384:38)
    at applyUpdate (http://localhost:3000/_next/static/chunks/0kit_next_dist_compiled_0iuxy_s._.js:878:31)
    at http://localhost:3000/_next/static/chunks/0kit_next_dist_compiled_0iuxy_s._.js:886:13 The above error occurred in the <ItemContent> component. It was handled by the <ErrorBoundaryHandler> error boundary. @ http://localhost:3000/_next/static/chunks/0kit_next_dist_client_0nvl.jm._.js:3351
