[    2213ms] [ERROR] Manifest: Line: 1, column: 1, Syntax error. @ http://localhost:3000/manifest.webmanifest:0
[    2713ms] [ERROR] Manifest: Line: 1, column: 1, Syntax error. @ http://localhost:3000/manifest.webmanifest:0
[   28604ms] [ERROR] Manifest: Line: 1, column: 1, Syntax error. @ http://localhost:3000/manifest.webmanifest:0
[   32852ms] [ERROR] %o

%s TypeError: facts.map is not a function
    at ItemSidebar (http://localhost:3000/_next/static/chunks/apps_web_0r_6..v._.js:1440:35)
    at Object.react_stack_bottom_frame (http://localhost:3000/_next/static/chunks/0kit_next_dist_compiled_react-dom_0ctbhl9._.js:15037:24)
    at renderWithHooks (http://localhost:3000/_next/static/chunks/0kit_next_dist_compiled_react-dom_0ctbhl9._.js:4620:24)
    at updateFunctionComponent (http://localhost:3000/_next/static/chunks/0kit_next_dist_compiled_react-dom_0ctbhl9._.js:6081:21)
    at beginWork (http://localhost:3000/_next/static/chunks/0kit_next_dist_compiled_react-dom_0ctbhl9._.js:6691:24)
    at runWithFiberInDEV (http://localhost:3000/_next/static/chunks/0kit_next_dist_compiled_react-dom_0ctbhl9._.js:965:74)
    at performUnitOfWork (http://localhost:3000/_next/static/chunks/0kit_next_dist_compiled_react-dom_0ctbhl9._.js:9555:97)
    at workLoopSync (http://localhost:3000/_next/static/chunks/0kit_next_dist_compiled_react-dom_0ctbhl9._.js:9449:40)
    at renderRootSync (http://localhost:3000/_next/static/chunks/0kit_next_dist_compiled_react-dom_0ctbhl9._.js:9433:13)
    at performWorkOnRoot (http://localhost:3000/_next/static/chunks/0kit_next_dist_compiled_react-dom_0ctbhl9._.js:9098:47)
    at performWorkOnRootViaSchedulerTask (http://localhost:3000/_next/static/chunks/0kit_next_dist_compiled_react-dom_0ctbhl9._.js:10255:9)
    at MessagePort.performWorkUntilDeadline (http://localhost:3000/_next/static/chunks/0kit_next_dist_compiled_0iuxy_s._.js:3168:64) The above error occurred in the <ItemSidebar> component. It was handled by the <ErrorBoundaryHandler> error boundary. @ http://localhost:3000/_next/static/chunks/0kit_next_dist_client_0nvl.jm._.js:3351
[  474437ms] [WARNING] [Fast Refresh] performing full reload

Fast Refresh will perform a full reload when you edit a file that's imported by modules outside of the React rendering tree.
You might have a file which exports a React component but also exports a value that is imported by a non-React component file.
Consider migrating the non-React component export to a separate file and importing it into both files.

It is also possible the parent component of the component you edited is a class component, which disables Fast Refresh.
Fast Refresh requires at least one parent function component in your React tree. @ http://localhost:3000/_next/static/chunks/0kit_next_dist_01q9jry._.js:1073
[  500529ms] [ERROR] Manifest: Line: 1, column: 1, Syntax error. @ http://localhost:3000/manifest.webmanifest:0
[  640367ms] [ERROR] Manifest: Line: 1, column: 1, Syntax error. @ http://localhost:3000/manifest.webmanifest:0
[  908440ms] [ERROR] Manifest: Line: 1, column: 1, Syntax error. @ http://localhost:3000/manifest.webmanifest:0
[ 1033101ms] [ERROR] Manifest: Line: 1, column: 1, Syntax error. @ http://localhost:3000/manifest.webmanifest:0
[ 1202006ms] [ERROR] Manifest: Line: 1, column: 1, Syntax error. @ http://localhost:3000/manifest.webmanifest:0
[ 1399061ms] [ERROR] Manifest: Line: 1, column: 1, Syntax error. @ http://localhost:3000/manifest.webmanifest:0
[ 1399397ms] [ERROR] Manifest: Line: 1, column: 1, Syntax error. @ http://localhost:3000/manifest.webmanifest:0
[ 1638937ms] [ERROR] Manifest: Line: 1, column: 1, Syntax error. @ http://localhost:3000/manifest.webmanifest:0
[ 1649567ms] [ERROR] Manifest: Line: 1, column: 1, Syntax error. @ http://localhost:3000/manifest.webmanifest:0
[ 1650300ms] [ERROR] Manifest: Line: 1, column: 1, Syntax error. @ http://localhost:3000/manifest.webmanifest:0
[ 2137806ms] [ERROR] Manifest: Line: 1, column: 1, Syntax error. @ http://localhost:3000/manifest.webmanifest:0
[ 2140802ms] [ERROR] Manifest: Line: 1, column: 1, Syntax error. @ http://localhost:3000/manifest.webmanifest:0
[ 2143203ms] [ERROR] Manifest: Line: 1, column: 1, Syntax error. @ http://localhost:3000/manifest.webmanifest:0
[ 2146113ms] [ERROR] Manifest: Line: 1, column: 1, Syntax error. @ http://localhost:3000/manifest.webmanifest:0
[ 2159341ms] [ERROR] Manifest: Line: 1, column: 1, Syntax error. @ http://localhost:3000/manifest.webmanifest:0
[ 2264866ms] [ERROR] Manifest: Line: 1, column: 1, Syntax error. @ http://localhost:3000/manifest.webmanifest:0
[ 2400472ms] [ERROR] Manifest: Line: 1, column: 1, Syntax error. @ http://localhost:3000/manifest.webmanifest:0
[ 2707497ms] [ERROR] Manifest: Line: 1, column: 1, Syntax error. @ http://localhost:3000/manifest.webmanifest:0
[ 2712144ms] [ERROR] Manifest: Line: 1, column: 1, Syntax error. @ http://localhost:3000/manifest.webmanifest:0
[ 3001472ms] [ERROR] Manifest: Line: 1, column: 1, Syntax error. @ http://localhost:3000/manifest.webmanifest:0
