[    1603ms] [ERROR] Manifest: Line: 1, column: 1, Syntax error. @ http://localhost:3000/manifest.webmanifest:0
[    2214ms] [ERROR] Manifest: Line: 1, column: 1, Syntax error. @ http://localhost:3000/manifest.webmanifest:0
[   42894ms] [ERROR] Manifest: Line: 1, column: 1, Syntax error. @ http://localhost:3000/manifest.webmanifest:0
[   43247ms] [ERROR] Manifest: Line: 1, column: 1, Syntax error. @ http://localhost:3000/manifest.webmanifest:0
[   92918ms] [ERROR] ./apps/web/components/research/item-detail/item-content.tsx:305:12
Unexpected token. Did you mean `{'}'}` or `&rbrace;`?
  303 |               </p>
  304 |             </div>
> 305 |           )}
      |            ^
  306 |         </div>
  307 |       )}
  308 |

Parsing ecmascript source code failed

Import traces:
  Client Component Browser:
    ./apps/web/components/research/item-detail/item-content.tsx [Client Component Browser]
    ./apps/web/components/research/item-detail/item-detail-shell.tsx [Client Component Browser]
    ./apps/web/components/research/item-detail/item-detail-shell.tsx [Server Component]
    ./apps/web/app/(auth)/research/item/[id]/page.tsx [Server Component]

  Client Component SSR:
    ./apps/web/components/research/item-detail/item-content.tsx [Client Component SSR]
    ./apps/web/components/research/item-detail/item-detail-shell.tsx [Client Component SSR]
    ./apps/web/components/research/item-detail/item-detail-shell.tsx [Server Component]
    ./apps/web/app/(auth)/research/item/[id]/page.tsx [Server Component] @ http://localhost:3000/_next/static/chunks/0kit_next_dist_01q9jry._.js:1914
[  101944ms] [ERROR] Manifest: Line: 1, column: 1, Syntax error. @ http://localhost:3000/manifest.webmanifest:0
